;  LST file generated by mikroListExporter - v.2.0 
; Date/Time: 19/02/2011 10:02:26 AM
;----------------------------------------------

;Address Opcode 	ASM
0x0000	0xF001EFD3  	GOTO        934
0x0004	0x0000      	NOP
0x0006	0x0000      	NOP
0x0008	0xF002EF25  	GOTO        1098
0x000C	0x0000      	NOP
0x000E	0x0000      	NOP
0x0010	0x0000      	NOP
0x0012	0x0000      	NOP
0x0014	0x0000      	NOP
0x0016	0x0000      	NOP
0x0018	0xD7F3      	BRA         0
_Div_32x32_U:
;__Lib_Math.c,1139 :: 		
;__Lib_Math.c,1150 :: 		
0x001C	0x6A0B      	CLRF        R11, 0
;__Lib_Math.c,1151 :: 		
0x001E	0x6A0A      	CLRF        R10, 0
;__Lib_Math.c,1152 :: 		
0x0020	0x6A09      	CLRF        R9, 0
;__Lib_Math.c,1153 :: 		
0x0022	0x6A08      	CLRF        R8, 0
;__Lib_Math.c,1155 :: 		
0x0024	0x6A0E      	CLRF        R14, 0
;__Lib_Math.c,1157 :: 		
0x0026	0x3403      	RLCF        R3, 0, 0
;__Lib_Math.c,1158 :: 		
0x0028	0x3608      	RLCF        R8, 1, 0
;__Lib_Math.c,1159 :: 		
0x002A	0x5004      	MOVF        R4, 0, 0
;__Lib_Math.c,1160 :: 		
0x002C	0x5E08      	SUBWF       R8, 1, 0
;__Lib_Math.c,1161 :: 		
0x002E	0x5005      	MOVF        R5, 0, 0
;__Lib_Math.c,1162 :: 		
0x0030	0xA0D8      	BTFSS       STATUS, 0, 0
;__Lib_Math.c,1163 :: 		
0x0032	0x3C05      	INCFSZ      R5, 0, 0
;__Lib_Math.c,1164 :: 		
0x0034	0x5E09      	SUBWF       R9, 1, 0
;__Lib_Math.c,1165 :: 		
0x0036	0x5006      	MOVF        R6, 0, 0
;__Lib_Math.c,1166 :: 		
0x0038	0xA0D8      	BTFSS       STATUS, 0, 0
;__Lib_Math.c,1167 :: 		
0x003A	0x3C06      	INCFSZ      R6, 0, 0
;__Lib_Math.c,1168 :: 		
0x003C	0x5E0A      	SUBWF       R10, 1, 0
;__Lib_Math.c,1169 :: 		
0x003E	0x5007      	MOVF        R7, 0, 0
;__Lib_Math.c,1170 :: 		
0x0040	0xA0D8      	BTFSS       STATUS, 0, 0
;__Lib_Math.c,1171 :: 		
0x0042	0x3C07      	INCFSZ      R7, 0, 0
;__Lib_Math.c,1172 :: 		
0x0044	0x5E0B      	SUBWF       R11, 1, 0
;__Lib_Math.c,1174 :: 		
0x0046	0x6AE8      	CLRF        WREG, 0
;__Lib_Math.c,1175 :: 		
0x0048	0xA0D8      	BTFSS       STATUS, 0, 0
;__Lib_Math.c,1176 :: 		
0x004A	0x0E01      	MOVLW       1
;__Lib_Math.c,1177 :: 		
0x004C	0x5E0E      	SUBWF       R14, 1, 0
;__Lib_Math.c,1178 :: 		
0x004E	0x3603      	RLCF        R3, 1, 0
;__Lib_Math.c,1180 :: 		
0x0050	0x0E07      	MOVLW       7
;__Lib_Math.c,1181 :: 		
0x0052	0x6E0C      	MOVWF       R12, 0
;__Lib_Math.c,1183 :: 		
LOOPU3232A:
;__Lib_Math.c,1184 :: 		
0x0054	0x3403      	RLCF        R3, 0, 0
;__Lib_Math.c,1185 :: 		
0x0056	0x3608      	RLCF        R8, 1, 0
;__Lib_Math.c,1186 :: 		
0x0058	0x3609      	RLCF        R9, 1, 0
;__Lib_Math.c,1187 :: 		
0x005A	0x360A      	RLCF        R10, 1, 0
;__Lib_Math.c,1188 :: 		
0x005C	0x360B      	RLCF        R11, 1, 0
;__Lib_Math.c,1189 :: 		
0x005E	0x360E      	RLCF        R14, 1, 0
;__Lib_Math.c,1190 :: 		
0x0060	0x5004      	MOVF        R4, 0, 0
;__Lib_Math.c,1191 :: 		
0x0062	0xA003      	BTFSS       R3, 0, 0
;__Lib_Math.c,1192 :: 		
0x0064	0xD012      	BRA         UADD22LA
;__Lib_Math.c,1194 :: 		
0x0066	0x5E08      	SUBWF       R8, 1, 0
;__Lib_Math.c,1195 :: 		
0x0068	0x5005      	MOVF        R5, 0, 0
;__Lib_Math.c,1196 :: 		
0x006A	0xA0D8      	BTFSS       STATUS, 0, 0
;__Lib_Math.c,1197 :: 		
0x006C	0x3C05      	INCFSZ      R5, 0, 0
;__Lib_Math.c,1198 :: 		
0x006E	0x5E09      	SUBWF       R9, 1, 0
;__Lib_Math.c,1199 :: 		
0x0070	0x5006      	MOVF        R6, 0, 0
;__Lib_Math.c,1200 :: 		
0x0072	0xA0D8      	BTFSS       STATUS, 0, 0
;__Lib_Math.c,1201 :: 		
0x0074	0x3C06      	INCFSZ      R6, 0, 0
;__Lib_Math.c,1202 :: 		
0x0076	0x5E0A      	SUBWF       R10, 1, 0
;__Lib_Math.c,1203 :: 		
0x0078	0x5007      	MOVF        R7, 0, 0
;__Lib_Math.c,1204 :: 		
0x007A	0xA0D8      	BTFSS       STATUS, 0, 0
;__Lib_Math.c,1205 :: 		
0x007C	0x3C07      	INCFSZ      R7, 0, 0
;__Lib_Math.c,1206 :: 		
0x007E	0x5E0B      	SUBWF       R11, 1, 0
;__Lib_Math.c,1207 :: 		
0x0080	0x6AE8      	CLRF        WREG, 0
;__Lib_Math.c,1208 :: 		
0x0082	0xA0D8      	BTFSS       STATUS, 0, 0
;__Lib_Math.c,1209 :: 		
0x0084	0x0E01      	MOVLW       1
;__Lib_Math.c,1210 :: 		
0x0086	0x5E0E      	SUBWF       R14, 1, 0
;__Lib_Math.c,1211 :: 		
0x0088	0xD011      	BRA         UOK22LA
;__Lib_Math.c,1213 :: 		
UADD22LA:
;__Lib_Math.c,1214 :: 		
0x008A	0x2608      	ADDWF       R8, 1, 0
;__Lib_Math.c,1215 :: 		
0x008C	0x5005      	MOVF        R5, 0, 0
;__Lib_Math.c,1216 :: 		
0x008E	0xB0D8      	BTFSC       STATUS, 0, 0
;__Lib_Math.c,1217 :: 		
0x0090	0x3C05      	INCFSZ      R5, 0, 0
;__Lib_Math.c,1218 :: 		
0x0092	0x2609      	ADDWF       R9, 1, 0
;__Lib_Math.c,1219 :: 		
0x0094	0x5006      	MOVF        R6, 0, 0
;__Lib_Math.c,1220 :: 		
0x0096	0xB0D8      	BTFSC       STATUS, 0, 0
;__Lib_Math.c,1221 :: 		
0x0098	0x3C06      	INCFSZ      R6, 0, 0
;__Lib_Math.c,1222 :: 		
0x009A	0x260A      	ADDWF       R10, 1, 0
;__Lib_Math.c,1223 :: 		
0x009C	0x5007      	MOVF        R7, 0, 0
;__Lib_Math.c,1224 :: 		
0x009E	0xB0D8      	BTFSC       STATUS, 0, 0
;__Lib_Math.c,1225 :: 		
0x00A0	0x3C07      	INCFSZ      R7, 0, 0
;__Lib_Math.c,1226 :: 		
0x00A2	0x260B      	ADDWF       R11, 1, 0
;__Lib_Math.c,1227 :: 		
0x00A4	0x6AE8      	CLRF        WREG, 0
;__Lib_Math.c,1228 :: 		
0x00A6	0xB0D8      	BTFSC       STATUS, 0, 0
;__Lib_Math.c,1229 :: 		
0x00A8	0x0E01      	MOVLW       1
;__Lib_Math.c,1230 :: 		
0x00AA	0x260E      	ADDWF       R14, 1, 0
;__Lib_Math.c,1232 :: 		
UOK22LA:
;__Lib_Math.c,1233 :: 		
0x00AC	0x3603      	RLCF        R3, 1, 0
;__Lib_Math.c,1235 :: 		
0x00AE	0x2E0C      	DECFSZ      R12, 1, 0
;__Lib_Math.c,1236 :: 		
0x00B0	0xD7D1      	BRA         LOOPU3232A
;__Lib_Math.c,1238 :: 		
0x00B2	0x3402      	RLCF        R2, 0, 0
;__Lib_Math.c,1239 :: 		
0x00B4	0x3608      	RLCF        R8, 1, 0
;__Lib_Math.c,1240 :: 		
0x00B6	0x3609      	RLCF        R9, 1, 0
;__Lib_Math.c,1241 :: 		
0x00B8	0x360A      	RLCF        R10, 1, 0
;__Lib_Math.c,1242 :: 		
0x00BA	0x360B      	RLCF        R11, 1, 0
;__Lib_Math.c,1243 :: 		
0x00BC	0x360E      	RLCF        R14, 1, 0
;__Lib_Math.c,1244 :: 		
0x00BE	0x5004      	MOVF        R4, 0, 0
;__Lib_Math.c,1245 :: 		
0x00C0	0xA003      	BTFSS       R3, 0, 0
;__Lib_Math.c,1246 :: 		
0x00C2	0xD012      	BRA         UADD22L8
;__Lib_Math.c,1248 :: 		
0x00C4	0x5E08      	SUBWF       R8, 1, 0
;__Lib_Math.c,1249 :: 		
0x00C6	0x5005      	MOVF        R5, 0, 0
;__Lib_Math.c,1250 :: 		
0x00C8	0xA0D8      	BTFSS       STATUS, 0, 0
;__Lib_Math.c,1251 :: 		
0x00CA	0x3C05      	INCFSZ      R5, 0, 0
;__Lib_Math.c,1252 :: 		
0x00CC	0x5E09      	SUBWF       R9, 1, 0
;__Lib_Math.c,1253 :: 		
0x00CE	0x5006      	MOVF        R6, 0, 0
;__Lib_Math.c,1254 :: 		
0x00D0	0xA0D8      	BTFSS       STATUS, 0, 0
;__Lib_Math.c,1255 :: 		
0x00D2	0x3C06      	INCFSZ      R6, 0, 0
;__Lib_Math.c,1256 :: 		
0x00D4	0x5E0A      	SUBWF       R10, 1, 0
;__Lib_Math.c,1257 :: 		
0x00D6	0x5007      	MOVF        R7, 0, 0
;__Lib_Math.c,1258 :: 		
0x00D8	0xA0D8      	BTFSS       STATUS, 0, 0
;__Lib_Math.c,1259 :: 		
0x00DA	0x3C07      	INCFSZ      R7, 0, 0
;__Lib_Math.c,1260 :: 		
0x00DC	0x5E0B      	SUBWF       R11, 1, 0
;__Lib_Math.c,1261 :: 		
0x00DE	0x6AE8      	CLRF        WREG, 0
;__Lib_Math.c,1262 :: 		
0x00E0	0xA0D8      	BTFSS       STATUS, 0, 0
;__Lib_Math.c,1263 :: 		
0x00E2	0x0E01      	MOVLW       1
;__Lib_Math.c,1264 :: 		
0x00E4	0x5E0E      	SUBWF       R14, 1, 0
;__Lib_Math.c,1265 :: 		
0x00E6	0xD011      	BRA         UOK22L8
;__Lib_Math.c,1267 :: 		
UADD22L8:
;__Lib_Math.c,1268 :: 		
0x00E8	0x2608      	ADDWF       R8, 1, 0
;__Lib_Math.c,1269 :: 		
0x00EA	0x5005      	MOVF        R5, 0, 0
;__Lib_Math.c,1270 :: 		
0x00EC	0xB0D8      	BTFSC       STATUS, 0, 0
;__Lib_Math.c,1271 :: 		
0x00EE	0x3C05      	INCFSZ      R5, 0, 0
;__Lib_Math.c,1272 :: 		
0x00F0	0x2609      	ADDWF       R9, 1, 0
;__Lib_Math.c,1273 :: 		
0x00F2	0x5006      	MOVF        R6, 0, 0
;__Lib_Math.c,1274 :: 		
0x00F4	0xB0D8      	BTFSC       STATUS, 0, 0
;__Lib_Math.c,1275 :: 		
0x00F6	0x3C06      	INCFSZ      R6, 0, 0
;__Lib_Math.c,1276 :: 		
0x00F8	0x260A      	ADDWF       R10, 1, 0
;__Lib_Math.c,1277 :: 		
0x00FA	0x5007      	MOVF        R7, 0, 0
;__Lib_Math.c,1278 :: 		
0x00FC	0xB0D8      	BTFSC       STATUS, 0, 0
;__Lib_Math.c,1279 :: 		
0x00FE	0x3C07      	INCFSZ      R7, 0, 0
;__Lib_Math.c,1280 :: 		
0x0100	0x260B      	ADDWF       R11, 1, 0
;__Lib_Math.c,1281 :: 		
0x0102	0x6AE8      	CLRF        WREG, 0
;__Lib_Math.c,1282 :: 		
0x0104	0xB0D8      	BTFSC       STATUS, 0, 0
;__Lib_Math.c,1283 :: 		
0x0106	0x0E01      	MOVLW       1
;__Lib_Math.c,1284 :: 		
0x0108	0x260E      	ADDWF       R14, 1, 0
;__Lib_Math.c,1286 :: 		
UOK22L8:
;__Lib_Math.c,1287 :: 		
0x010A	0x3602      	RLCF        R2, 1, 0
;__Lib_Math.c,1289 :: 		
0x010C	0x0E07      	MOVLW       7
;__Lib_Math.c,1290 :: 		
0x010E	0x6E0C      	MOVWF       R12, 0
;__Lib_Math.c,1292 :: 		
LOOPU3232B:
;__Lib_Math.c,1293 :: 		
0x0110	0x3402      	RLCF        R2, 0, 0
;__Lib_Math.c,1294 :: 		
0x0112	0x3608      	RLCF        R8, 1, 0
;__Lib_Math.c,1295 :: 		
0x0114	0x3609      	RLCF        R9, 1, 0
;__Lib_Math.c,1296 :: 		
0x0116	0x360A      	RLCF        R10, 1, 0
;__Lib_Math.c,1297 :: 		
0x0118	0x360B      	RLCF        R11, 1, 0
;__Lib_Math.c,1298 :: 		
0x011A	0x360E      	RLCF        R14, 1, 0
;__Lib_Math.c,1299 :: 		
0x011C	0x5004      	MOVF        R4, 0, 0
;__Lib_Math.c,1300 :: 		
0x011E	0xA002      	BTFSS       R2, 0, 0
;__Lib_Math.c,1301 :: 		
0x0120	0xD012      	BRA         UADD22LB
;__Lib_Math.c,1303 :: 		
0x0122	0x5E08      	SUBWF       R8, 1, 0
;__Lib_Math.c,1304 :: 		
0x0124	0x5005      	MOVF        R5, 0, 0
;__Lib_Math.c,1305 :: 		
0x0126	0xA0D8      	BTFSS       STATUS, 0, 0
;__Lib_Math.c,1306 :: 		
0x0128	0x3C05      	INCFSZ      R5, 0, 0
;__Lib_Math.c,1307 :: 		
0x012A	0x5E09      	SUBWF       R9, 1, 0
;__Lib_Math.c,1308 :: 		
0x012C	0x5006      	MOVF        R6, 0, 0
;__Lib_Math.c,1309 :: 		
0x012E	0xA0D8      	BTFSS       STATUS, 0, 0
;__Lib_Math.c,1310 :: 		
0x0130	0x3C06      	INCFSZ      R6, 0, 0
;__Lib_Math.c,1311 :: 		
0x0132	0x5E0A      	SUBWF       R10, 1, 0
;__Lib_Math.c,1312 :: 		
0x0134	0x5007      	MOVF        R7, 0, 0
;__Lib_Math.c,1313 :: 		
0x0136	0xA0D8      	BTFSS       STATUS, 0, 0
;__Lib_Math.c,1314 :: 		
0x0138	0x3C07      	INCFSZ      R7, 0, 0
;__Lib_Math.c,1315 :: 		
0x013A	0x5E0B      	SUBWF       R11, 1, 0
;__Lib_Math.c,1316 :: 		
0x013C	0x6AE8      	CLRF        WREG, 0
;__Lib_Math.c,1317 :: 		
0x013E	0xA0D8      	BTFSS       STATUS, 0, 0
;__Lib_Math.c,1318 :: 		
0x0140	0x0E01      	MOVLW       1
;__Lib_Math.c,1319 :: 		
0x0142	0x5E0E      	SUBWF       R14, 1, 0
;__Lib_Math.c,1320 :: 		
0x0144	0xD011      	BRA         UOK22LB
;__Lib_Math.c,1322 :: 		
UADD22LB:
;__Lib_Math.c,1323 :: 		
0x0146	0x2608      	ADDWF       R8, 1, 0
;__Lib_Math.c,1324 :: 		
0x0148	0x5005      	MOVF        R5, 0, 0
;__Lib_Math.c,1325 :: 		
0x014A	0xB0D8      	BTFSC       STATUS, 0, 0
;__Lib_Math.c,1326 :: 		
0x014C	0x3C05      	INCFSZ      R5, 0, 0
;__Lib_Math.c,1327 :: 		
0x014E	0x2609      	ADDWF       R9, 1, 0
;__Lib_Math.c,1328 :: 		
0x0150	0x5006      	MOVF        R6, 0, 0
;__Lib_Math.c,1329 :: 		
0x0152	0xB0D8      	BTFSC       STATUS, 0, 0
;__Lib_Math.c,1330 :: 		
0x0154	0x3C06      	INCFSZ      R6, 0, 0
;__Lib_Math.c,1331 :: 		
0x0156	0x260A      	ADDWF       R10, 1, 0
;__Lib_Math.c,1332 :: 		
0x0158	0x5007      	MOVF        R7, 0, 0
;__Lib_Math.c,1333 :: 		
0x015A	0xB0D8      	BTFSC       STATUS, 0, 0
;__Lib_Math.c,1334 :: 		
0x015C	0x3C07      	INCFSZ      R7, 0, 0
;__Lib_Math.c,1335 :: 		
0x015E	0x260B      	ADDWF       R11, 1, 0
;__Lib_Math.c,1336 :: 		
0x0160	0x6AE8      	CLRF        WREG, 0
;__Lib_Math.c,1337 :: 		
0x0162	0xB0D8      	BTFSC       STATUS, 0, 0
;__Lib_Math.c,1338 :: 		
0x0164	0x0E01      	MOVLW       1
;__Lib_Math.c,1339 :: 		
0x0166	0x260E      	ADDWF       R14, 1, 0
;__Lib_Math.c,1341 :: 		
UOK22LB:
;__Lib_Math.c,1342 :: 		
0x0168	0x3602      	RLCF        R2, 1, 0
;__Lib_Math.c,1344 :: 		
0x016A	0x2E0C      	DECFSZ      R12, 1, 0
;__Lib_Math.c,1345 :: 		
0x016C	0xD7D1      	BRA         LOOPU3232B
;__Lib_Math.c,1347 :: 		
0x016E	0x3401      	RLCF        R1, 0, 0
;__Lib_Math.c,1348 :: 		
0x0170	0x3608      	RLCF        R8, 1, 0
;__Lib_Math.c,1349 :: 		
0x0172	0x3609      	RLCF        R9, 1, 0
;__Lib_Math.c,1350 :: 		
0x0174	0x360A      	RLCF        R10, 1, 0
;__Lib_Math.c,1351 :: 		
0x0176	0x360B      	RLCF        R11, 1, 0
;__Lib_Math.c,1352 :: 		
0x0178	0x360E      	RLCF        R14, 1, 0
;__Lib_Math.c,1353 :: 		
0x017A	0x5004      	MOVF        R4, 0, 0
;__Lib_Math.c,1354 :: 		
0x017C	0xA002      	BTFSS       R2, 0, 0
;__Lib_Math.c,1355 :: 		
0x017E	0xD012      	BRA         UADD22L16
;__Lib_Math.c,1357 :: 		
0x0180	0x5E08      	SUBWF       R8, 1, 0
;__Lib_Math.c,1358 :: 		
0x0182	0x5005      	MOVF        R5, 0, 0
;__Lib_Math.c,1359 :: 		
0x0184	0xA0D8      	BTFSS       STATUS, 0, 0
;__Lib_Math.c,1360 :: 		
0x0186	0x3C05      	INCFSZ      R5, 0, 0
;__Lib_Math.c,1361 :: 		
0x0188	0x5E09      	SUBWF       R9, 1, 0
;__Lib_Math.c,1362 :: 		
0x018A	0x5006      	MOVF        R6, 0, 0
;__Lib_Math.c,1363 :: 		
0x018C	0xA0D8      	BTFSS       STATUS, 0, 0
;__Lib_Math.c,1364 :: 		
0x018E	0x3C06      	INCFSZ      R6, 0, 0
;__Lib_Math.c,1365 :: 		
0x0190	0x5E0A      	SUBWF       R10, 1, 0
;__Lib_Math.c,1366 :: 		
0x0192	0x5007      	MOVF        R7, 0, 0
;__Lib_Math.c,1367 :: 		
0x0194	0xA0D8      	BTFSS       STATUS, 0, 0
;__Lib_Math.c,1368 :: 		
0x0196	0x3C07      	INCFSZ      R7, 0, 0
;__Lib_Math.c,1369 :: 		
0x0198	0x5E0B      	SUBWF       R11, 1, 0
;__Lib_Math.c,1370 :: 		
0x019A	0x6AE8      	CLRF        WREG, 0
;__Lib_Math.c,1371 :: 		
0x019C	0xA0D8      	BTFSS       STATUS, 0, 0
;__Lib_Math.c,1372 :: 		
0x019E	0x0E01      	MOVLW       1
;__Lib_Math.c,1373 :: 		
0x01A0	0x5E0E      	SUBWF       R14, 1, 0
;__Lib_Math.c,1374 :: 		
0x01A2	0xD011      	BRA         UOK22L16
;__Lib_Math.c,1376 :: 		
UADD22L16:
;__Lib_Math.c,1377 :: 		
0x01A4	0x2608      	ADDWF       R8, 1, 0
;__Lib_Math.c,1378 :: 		
0x01A6	0x5005      	MOVF        R5, 0, 0
;__Lib_Math.c,1379 :: 		
0x01A8	0xB0D8      	BTFSC       STATUS, 0, 0
;__Lib_Math.c,1380 :: 		
0x01AA	0x3C05      	INCFSZ      R5, 0, 0
;__Lib_Math.c,1381 :: 		
0x01AC	0x2609      	ADDWF       R9, 1, 0
;__Lib_Math.c,1382 :: 		
0x01AE	0x5006      	MOVF        R6, 0, 0
;__Lib_Math.c,1383 :: 		
0x01B0	0xB0D8      	BTFSC       STATUS, 0, 0
;__Lib_Math.c,1384 :: 		
0x01B2	0x3C06      	INCFSZ      R6, 0, 0
;__Lib_Math.c,1385 :: 		
0x01B4	0x260A      	ADDWF       R10, 1, 0
;__Lib_Math.c,1386 :: 		
0x01B6	0x5007      	MOVF        R7, 0, 0
;__Lib_Math.c,1387 :: 		
0x01B8	0xB0D8      	BTFSC       STATUS, 0, 0
;__Lib_Math.c,1388 :: 		
0x01BA	0x3C07      	INCFSZ      R7, 0, 0
;__Lib_Math.c,1389 :: 		
0x01BC	0x260B      	ADDWF       R11, 1, 0
;__Lib_Math.c,1390 :: 		
0x01BE	0x6AE8      	CLRF        WREG, 0
;__Lib_Math.c,1391 :: 		
0x01C0	0xB0D8      	BTFSC       STATUS, 0, 0
;__Lib_Math.c,1392 :: 		
0x01C2	0x0E01      	MOVLW       1
;__Lib_Math.c,1393 :: 		
0x01C4	0x260E      	ADDWF       R14, 1, 0
;__Lib_Math.c,1395 :: 		
UOK22L16:
;__Lib_Math.c,1396 :: 		
0x01C6	0x3601      	RLCF        R1, 1, 0
;__Lib_Math.c,1398 :: 		
0x01C8	0x0E07      	MOVLW       7
;__Lib_Math.c,1399 :: 		
0x01CA	0x6E0C      	MOVWF       R12, 0
;__Lib_Math.c,1401 :: 		
LOOPU3232C:
;__Lib_Math.c,1402 :: 		
0x01CC	0x3401      	RLCF        R1, 0, 0
;__Lib_Math.c,1403 :: 		
0x01CE	0x3608      	RLCF        R8, 1, 0
;__Lib_Math.c,1404 :: 		
0x01D0	0x3609      	RLCF        R9, 1, 0
;__Lib_Math.c,1405 :: 		
0x01D2	0x360A      	RLCF        R10, 1, 0
;__Lib_Math.c,1406 :: 		
0x01D4	0x360B      	RLCF        R11, 1, 0
;__Lib_Math.c,1407 :: 		
0x01D6	0x360E      	RLCF        R14, 1, 0
;__Lib_Math.c,1408 :: 		
0x01D8	0x5004      	MOVF        R4, 0, 0
;__Lib_Math.c,1409 :: 		
0x01DA	0xA001      	BTFSS       R1, 0, 0
;__Lib_Math.c,1410 :: 		
0x01DC	0xD012      	BRA         UADD22LC
;__Lib_Math.c,1412 :: 		
0x01DE	0x5E08      	SUBWF       R8, 1, 0
;__Lib_Math.c,1413 :: 		
0x01E0	0x5005      	MOVF        R5, 0, 0
;__Lib_Math.c,1414 :: 		
0x01E2	0xA0D8      	BTFSS       STATUS, 0, 0
;__Lib_Math.c,1415 :: 		
0x01E4	0x3C05      	INCFSZ      R5, 0, 0
;__Lib_Math.c,1416 :: 		
0x01E6	0x5E09      	SUBWF       R9, 1, 0
;__Lib_Math.c,1417 :: 		
0x01E8	0x5006      	MOVF        R6, 0, 0
;__Lib_Math.c,1418 :: 		
0x01EA	0xA0D8      	BTFSS       STATUS, 0, 0
;__Lib_Math.c,1419 :: 		
0x01EC	0x3C06      	INCFSZ      R6, 0, 0
;__Lib_Math.c,1420 :: 		
0x01EE	0x5E0A      	SUBWF       R10, 1, 0
;__Lib_Math.c,1421 :: 		
0x01F0	0x5007      	MOVF        R7, 0, 0
;__Lib_Math.c,1422 :: 		
0x01F2	0xA0D8      	BTFSS       STATUS, 0, 0
;__Lib_Math.c,1423 :: 		
0x01F4	0x3C07      	INCFSZ      R7, 0, 0
;__Lib_Math.c,1424 :: 		
0x01F6	0x5E0B      	SUBWF       R11, 1, 0
;__Lib_Math.c,1425 :: 		
0x01F8	0x6AE8      	CLRF        WREG, 0
;__Lib_Math.c,1426 :: 		
0x01FA	0xA0D8      	BTFSS       STATUS, 0, 0
;__Lib_Math.c,1427 :: 		
0x01FC	0x0E01      	MOVLW       1
;__Lib_Math.c,1428 :: 		
0x01FE	0x5E0E      	SUBWF       R14, 1, 0
;__Lib_Math.c,1429 :: 		
0x0200	0xD011      	BRA         UOK22LC
;__Lib_Math.c,1431 :: 		
UADD22LC:
;__Lib_Math.c,1432 :: 		
0x0202	0x2608      	ADDWF       R8, 1, 0
;__Lib_Math.c,1433 :: 		
0x0204	0x5005      	MOVF        R5, 0, 0
;__Lib_Math.c,1434 :: 		
0x0206	0xB0D8      	BTFSC       STATUS, 0, 0
;__Lib_Math.c,1435 :: 		
0x0208	0x3C05      	INCFSZ      R5, 0, 0
;__Lib_Math.c,1436 :: 		
0x020A	0x2609      	ADDWF       R9, 1, 0
;__Lib_Math.c,1437 :: 		
0x020C	0x5006      	MOVF        R6, 0, 0
;__Lib_Math.c,1438 :: 		
0x020E	0xB0D8      	BTFSC       STATUS, 0, 0
;__Lib_Math.c,1439 :: 		
0x0210	0x3C06      	INCFSZ      R6, 0, 0
;__Lib_Math.c,1440 :: 		
0x0212	0x260A      	ADDWF       R10, 1, 0
;__Lib_Math.c,1441 :: 		
0x0214	0x5007      	MOVF        R7, 0, 0
;__Lib_Math.c,1442 :: 		
0x0216	0xB0D8      	BTFSC       STATUS, 0, 0
;__Lib_Math.c,1443 :: 		
0x0218	0x3C07      	INCFSZ      R7, 0, 0
;__Lib_Math.c,1444 :: 		
0x021A	0x260B      	ADDWF       R11, 1, 0
;__Lib_Math.c,1445 :: 		
0x021C	0x6AE8      	CLRF        WREG, 0
;__Lib_Math.c,1446 :: 		
0x021E	0xB0D8      	BTFSC       STATUS, 0, 0
;__Lib_Math.c,1447 :: 		
0x0220	0x0E01      	MOVLW       1
;__Lib_Math.c,1448 :: 		
0x0222	0x260E      	ADDWF       R14, 1, 0
;__Lib_Math.c,1450 :: 		
UOK22LC:
;__Lib_Math.c,1451 :: 		
0x0224	0x3601      	RLCF        R1, 1, 0
;__Lib_Math.c,1453 :: 		
0x0226	0x2E0C      	DECFSZ      R12, 1, 0
;__Lib_Math.c,1454 :: 		
0x0228	0xD7D1      	BRA         LOOPU3232C
;__Lib_Math.c,1456 :: 		
0x022A	0x3400      	RLCF        R0, 0, 0
;__Lib_Math.c,1457 :: 		
0x022C	0x3608      	RLCF        R8, 1, 0
;__Lib_Math.c,1458 :: 		
0x022E	0x3609      	RLCF        R9, 1, 0
;__Lib_Math.c,1459 :: 		
0x0230	0x360A      	RLCF        R10, 1, 0
;__Lib_Math.c,1460 :: 		
0x0232	0x360B      	RLCF        R11, 1, 0
;__Lib_Math.c,1461 :: 		
0x0234	0x360E      	RLCF        R14, 1, 0
;__Lib_Math.c,1462 :: 		
0x0236	0x5004      	MOVF        R4, 0, 0
;__Lib_Math.c,1463 :: 		
0x0238	0xA001      	BTFSS       R1, 0, 0
;__Lib_Math.c,1464 :: 		
0x023A	0xD012      	BRA         UADD22L24
;__Lib_Math.c,1466 :: 		
0x023C	0x5E08      	SUBWF       R8, 1, 0
;__Lib_Math.c,1467 :: 		
0x023E	0x5005      	MOVF        R5, 0, 0
;__Lib_Math.c,1468 :: 		
0x0240	0xA0D8      	BTFSS       STATUS, 0, 0
;__Lib_Math.c,1469 :: 		
0x0242	0x3C05      	INCFSZ      R5, 0, 0
;__Lib_Math.c,1470 :: 		
0x0244	0x5E09      	SUBWF       R9, 1, 0
;__Lib_Math.c,1471 :: 		
0x0246	0x5006      	MOVF        R6, 0, 0
;__Lib_Math.c,1472 :: 		
0x0248	0xA0D8      	BTFSS       STATUS, 0, 0
;__Lib_Math.c,1473 :: 		
0x024A	0x3C06      	INCFSZ      R6, 0, 0
;__Lib_Math.c,1474 :: 		
0x024C	0x5E0A      	SUBWF       R10, 1, 0
;__Lib_Math.c,1475 :: 		
0x024E	0x5007      	MOVF        R7, 0, 0
;__Lib_Math.c,1476 :: 		
0x0250	0xA0D8      	BTFSS       STATUS, 0, 0
;__Lib_Math.c,1477 :: 		
0x0252	0x3C07      	INCFSZ      R7, 0, 0
;__Lib_Math.c,1478 :: 		
0x0254	0x5E0B      	SUBWF       R11, 1, 0
;__Lib_Math.c,1479 :: 		
0x0256	0x6AE8      	CLRF        WREG, 0
;__Lib_Math.c,1480 :: 		
0x0258	0xA0D8      	BTFSS       STATUS, 0, 0
;__Lib_Math.c,1481 :: 		
0x025A	0x0E01      	MOVLW       1
;__Lib_Math.c,1482 :: 		
0x025C	0x5E0E      	SUBWF       R14, 1, 0
;__Lib_Math.c,1483 :: 		
0x025E	0xD011      	BRA         UOK22L24
;__Lib_Math.c,1485 :: 		
UADD22L24:
;__Lib_Math.c,1486 :: 		
0x0260	0x2608      	ADDWF       R8, 1, 0
;__Lib_Math.c,1487 :: 		
0x0262	0x5005      	MOVF        R5, 0, 0
;__Lib_Math.c,1488 :: 		
0x0264	0xB0D8      	BTFSC       STATUS, 0, 0
;__Lib_Math.c,1489 :: 		
0x0266	0x3C05      	INCFSZ      R5, 0, 0
;__Lib_Math.c,1490 :: 		
0x0268	0x2609      	ADDWF       R9, 1, 0
;__Lib_Math.c,1491 :: 		
0x026A	0x5006      	MOVF        R6, 0, 0
;__Lib_Math.c,1492 :: 		
0x026C	0xB0D8      	BTFSC       STATUS, 0, 0
;__Lib_Math.c,1493 :: 		
0x026E	0x3C06      	INCFSZ      R6, 0, 0
;__Lib_Math.c,1494 :: 		
0x0270	0x260A      	ADDWF       R10, 1, 0
;__Lib_Math.c,1495 :: 		
0x0272	0x5007      	MOVF        R7, 0, 0
;__Lib_Math.c,1496 :: 		
0x0274	0xB0D8      	BTFSC       STATUS, 0, 0
;__Lib_Math.c,1497 :: 		
0x0276	0x3C07      	INCFSZ      R7, 0, 0
;__Lib_Math.c,1498 :: 		
0x0278	0x260B      	ADDWF       R11, 1, 0
;__Lib_Math.c,1499 :: 		
0x027A	0x6AE8      	CLRF        WREG, 0
;__Lib_Math.c,1500 :: 		
0x027C	0xB0D8      	BTFSC       STATUS, 0, 0
;__Lib_Math.c,1501 :: 		
0x027E	0x0E01      	MOVLW       1
;__Lib_Math.c,1502 :: 		
0x0280	0x260E      	ADDWF       R14, 1, 0
;__Lib_Math.c,1504 :: 		
UOK22L24:
;__Lib_Math.c,1505 :: 		
0x0282	0x3600      	RLCF        R0, 1, 0
;__Lib_Math.c,1507 :: 		
0x0284	0x0E07      	MOVLW       7
;__Lib_Math.c,1508 :: 		
0x0286	0x6E0C      	MOVWF       R12, 0
;__Lib_Math.c,1510 :: 		
LOOPU3232D:
;__Lib_Math.c,1511 :: 		
0x0288	0x3400      	RLCF        R0, 0, 0
;__Lib_Math.c,1512 :: 		
0x028A	0x3608      	RLCF        R8, 1, 0
;__Lib_Math.c,1513 :: 		
0x028C	0x3609      	RLCF        R9, 1, 0
;__Lib_Math.c,1514 :: 		
0x028E	0x360A      	RLCF        R10, 1, 0
;__Lib_Math.c,1515 :: 		
0x0290	0x360B      	RLCF        R11, 1, 0
;__Lib_Math.c,1516 :: 		
0x0292	0x360E      	RLCF        R14, 1, 0
;__Lib_Math.c,1517 :: 		
0x0294	0x5004      	MOVF        R4, 0, 0
;__Lib_Math.c,1518 :: 		
0x0296	0xA000      	BTFSS       R0, 0, 0
;__Lib_Math.c,1519 :: 		
0x0298	0xD012      	BRA         UADD22LD
;__Lib_Math.c,1521 :: 		
0x029A	0x5E08      	SUBWF       R8, 1, 0
;__Lib_Math.c,1522 :: 		
0x029C	0x5005      	MOVF        R5, 0, 0
;__Lib_Math.c,1523 :: 		
0x029E	0xA0D8      	BTFSS       STATUS, 0, 0
;__Lib_Math.c,1524 :: 		
0x02A0	0x3C05      	INCFSZ      R5, 0, 0
;__Lib_Math.c,1525 :: 		
0x02A2	0x5E09      	SUBWF       R9, 1, 0
;__Lib_Math.c,1526 :: 		
0x02A4	0x5006      	MOVF        R6, 0, 0
;__Lib_Math.c,1527 :: 		
0x02A6	0xA0D8      	BTFSS       STATUS, 0, 0
;__Lib_Math.c,1528 :: 		
0x02A8	0x3C06      	INCFSZ      R6, 0, 0
;__Lib_Math.c,1529 :: 		
0x02AA	0x5E0A      	SUBWF       R10, 1, 0
;__Lib_Math.c,1530 :: 		
0x02AC	0x5007      	MOVF        R7, 0, 0
;__Lib_Math.c,1531 :: 		
0x02AE	0xA0D8      	BTFSS       STATUS, 0, 0
;__Lib_Math.c,1532 :: 		
0x02B0	0x3C07      	INCFSZ      R7, 0, 0
;__Lib_Math.c,1533 :: 		
0x02B2	0x5E0B      	SUBWF       R11, 1, 0
;__Lib_Math.c,1534 :: 		
0x02B4	0x6AE8      	CLRF        WREG, 0
;__Lib_Math.c,1535 :: 		
0x02B6	0xA0D8      	BTFSS       STATUS, 0, 0
;__Lib_Math.c,1536 :: 		
0x02B8	0x0E01      	MOVLW       1
;__Lib_Math.c,1537 :: 		
0x02BA	0x5E0E      	SUBWF       R14, 1, 0
;__Lib_Math.c,1538 :: 		
0x02BC	0xD011      	BRA         UOK22LD
;__Lib_Math.c,1540 :: 		
UADD22LD:
;__Lib_Math.c,1541 :: 		
0x02BE	0x2608      	ADDWF       R8, 1, 0
;__Lib_Math.c,1542 :: 		
0x02C0	0x5005      	MOVF        R5, 0, 0
;__Lib_Math.c,1543 :: 		
0x02C2	0xB0D8      	BTFSC       STATUS, 0, 0
;__Lib_Math.c,1544 :: 		
0x02C4	0x3C05      	INCFSZ      R5, 0, 0
;__Lib_Math.c,1545 :: 		
0x02C6	0x2609      	ADDWF       R9, 1, 0
;__Lib_Math.c,1546 :: 		
0x02C8	0x5006      	MOVF        R6, 0, 0
;__Lib_Math.c,1547 :: 		
0x02CA	0xB0D8      	BTFSC       STATUS, 0, 0
;__Lib_Math.c,1548 :: 		
0x02CC	0x3C06      	INCFSZ      R6, 0, 0
;__Lib_Math.c,1549 :: 		
0x02CE	0x260A      	ADDWF       R10, 1, 0
;__Lib_Math.c,1550 :: 		
0x02D0	0x5007      	MOVF        R7, 0, 0
;__Lib_Math.c,1551 :: 		
0x02D2	0xB0D8      	BTFSC       STATUS, 0, 0
;__Lib_Math.c,1552 :: 		
0x02D4	0x3C07      	INCFSZ      R7, 0, 0
;__Lib_Math.c,1553 :: 		
0x02D6	0x260B      	ADDWF       R11, 1, 0
;__Lib_Math.c,1554 :: 		
0x02D8	0x6AE8      	CLRF        WREG, 0
;__Lib_Math.c,1555 :: 		
0x02DA	0xB0D8      	BTFSC       STATUS, 0, 0
;__Lib_Math.c,1556 :: 		
0x02DC	0x0E01      	MOVLW       1
;__Lib_Math.c,1557 :: 		
0x02DE	0x260E      	ADDWF       R14, 1, 0
;__Lib_Math.c,1559 :: 		
UOK22LD:
;__Lib_Math.c,1560 :: 		
0x02E0	0x3600      	RLCF        R0, 1, 0
;__Lib_Math.c,1562 :: 		
0x02E2	0x2E0C      	DECFSZ      R12, 1, 0
;__Lib_Math.c,1563 :: 		
0x02E4	0xD7D1      	BRA         LOOPU3232D
;__Lib_Math.c,1565 :: 		
0x02E6	0xB000      	BTFSC       R0, 0, 0
;__Lib_Math.c,1566 :: 		
0x02E8	0xD00E      	BRA         UOK22L
;__Lib_Math.c,1567 :: 		
0x02EA	0x5004      	MOVF        R4, 0, 0
;__Lib_Math.c,1568 :: 		
0x02EC	0x2608      	ADDWF       R8, 1, 0
;__Lib_Math.c,1569 :: 		
0x02EE	0x5005      	MOVF        R5, 0, 0
;__Lib_Math.c,1570 :: 		
0x02F0	0xB0D8      	BTFSC       STATUS, 0, 0
;__Lib_Math.c,1571 :: 		
0x02F2	0x3C05      	INCFSZ      R5, 0, 0
;__Lib_Math.c,1572 :: 		
0x02F4	0x2609      	ADDWF       R9, 1, 0
;__Lib_Math.c,1573 :: 		
0x02F6	0x5006      	MOVF        R6, 0, 0
;__Lib_Math.c,1574 :: 		
0x02F8	0xB0D8      	BTFSC       STATUS, 0, 0
;__Lib_Math.c,1575 :: 		
0x02FA	0x3C06      	INCFSZ      R6, 0, 0
;__Lib_Math.c,1576 :: 		
0x02FC	0x260A      	ADDWF       R10, 1, 0
;__Lib_Math.c,1577 :: 		
0x02FE	0x5007      	MOVF        R7, 0, 0
;__Lib_Math.c,1578 :: 		
0x0300	0xB0D8      	BTFSC       STATUS, 0, 0
;__Lib_Math.c,1579 :: 		
0x0302	0x3C07      	INCFSZ      R7, 0, 0
;__Lib_Math.c,1580 :: 		
0x0304	0x260B      	ADDWF       R11, 1, 0
;__Lib_Math.c,1582 :: 		
UOK22L:
;__Lib_Math.c,1584 :: 		
0x0306	0x0012      	RETURN      0
; end of _Div_32x32_U
_Display:
0x0308	0x0E3F      	MOVLW       63
0x030A	0x6E2E      	MOVWF       Display_SEGMENT_L0 
0x030C	0x0E06      	MOVLW       6
0x030E	0x6E2F      	MOVWF       Display_SEGMENT_L0+1 
0x0310	0x0E5B      	MOVLW       91
0x0312	0x6E30      	MOVWF       Display_SEGMENT_L0+2 
0x0314	0x0E4F      	MOVLW       79
0x0316	0x6E31      	MOVWF       Display_SEGMENT_L0+3 
0x0318	0x0E66      	MOVLW       102
0x031A	0x6E32      	MOVWF       Display_SEGMENT_L0+4 
0x031C	0x0E6D      	MOVLW       109
0x031E	0x6E33      	MOVWF       Display_SEGMENT_L0+5 
0x0320	0x0E7D      	MOVLW       125
0x0322	0x6E34      	MOVWF       Display_SEGMENT_L0+6 
0x0324	0x0E07      	MOVLW       7
0x0326	0x6E35      	MOVWF       Display_SEGMENT_L0+7 
0x0328	0x0E7F      	MOVLW       127
0x032A	0x6E36      	MOVWF       Display_SEGMENT_L0+8 
0x032C	0x0E6F      	MOVLW       111
0x032E	0x6E37      	MOVWF       Display_SEGMENT_L0+9 
;multii7.c,33 :: 		unsigned char Display(unsigned char no){
;multii7.c,47 :: 		Pattern=SEGMENT[no];
0x0330	0x0E2E      	MOVLW       Display_SEGMENT_L0
0x0332	0x6EE9      	MOVWF       FSR0L 
0x0334	0x0E00      	MOVLW       hi_addr(Display_SEGMENT_L0)
0x0336	0x6EEA      	MOVWF       FSR0H 
0x0338	0x502D      	MOVF        FARG_Display_no, 0 
0x033A	0x26E9      	ADDWF       FSR0L, 1 
0x033C	0xB0D8      	BTFSC       STATUS, 0 
0x033E	0x2AEA      	INCF        FSR0H, 1 
;multii7.c,48 :: 		return(Pattern);
0x0340	0xF000CFEE  	MOVFF       POSTINC0, R0
;multii7.c,49 :: 		}
0x0344	0x0012      	RETURN      0
; end of _Display
_Mul_16x16_U:
;__Lib_Math.c,429 :: 		
;__Lib_Math.c,436 :: 		
0x0346	0x6A0B      	CLRF        R11, 0
;__Lib_Math.c,437 :: 		
0x0348	0x6A0A      	CLRF        R10, 0
;__Lib_Math.c,438 :: 		
0x034A	0x6A09      	CLRF        R9, 0
;__Lib_Math.c,439 :: 		
0x034C	0x5000      	MOVF        R0, 0, 0
;__Lib_Math.c,440 :: 		
0x034E	0x0204      	MULWF       R4, 0
;__Lib_Math.c,442 :: 		
0x0350	0xF009CFF4  	MOVFF       PRODH, R9
;__Lib_Math.c,443 :: 		
0x0354	0xF008CFF3  	MOVFF       PRODL, R8
;__Lib_Math.c,444 :: 		
0x0358	0x5001      	MOVF        R1, 0, 0
;__Lib_Math.c,445 :: 		
0x035A	0x0205      	MULWF       R5, 0
;__Lib_Math.c,447 :: 		
0x035C	0xF00BCFF4  	MOVFF       PRODH, R11
;__Lib_Math.c,448 :: 		
0x0360	0xF00ACFF3  	MOVFF       PRODL, R10
;__Lib_Math.c,449 :: 		
0x0364	0x5000      	MOVF        R0, 0, 0
;__Lib_Math.c,450 :: 		
0x0366	0x0205      	MULWF       R5, 0
;__Lib_Math.c,452 :: 		
0x0368	0x50F3      	MOVF        PRODL, 0, 0
;__Lib_Math.c,453 :: 		
0x036A	0x2609      	ADDWF       R9, 1, 0
;__Lib_Math.c,454 :: 		
0x036C	0x50F4      	MOVF        PRODH, 0, 0
;__Lib_Math.c,455 :: 		
0x036E	0x220A      	ADDWFC      R10, 1, 0
;__Lib_Math.c,456 :: 		
0x0370	0x6AE8      	CLRF        WREG, 0
;__Lib_Math.c,457 :: 		
0x0372	0x220B      	ADDWFC      R11, 1, 0
;__Lib_Math.c,458 :: 		
0x0374	0x5001      	MOVF        R1, 0, 0
;__Lib_Math.c,459 :: 		
0x0376	0x0204      	MULWF       R4, 0
;__Lib_Math.c,461 :: 		
0x0378	0x50F3      	MOVF        PRODL, 0, 0
;__Lib_Math.c,462 :: 		
0x037A	0x2609      	ADDWF       R9, 1, 0
;__Lib_Math.c,463 :: 		
0x037C	0x50F4      	MOVF        PRODH, 0, 0
;__Lib_Math.c,464 :: 		
0x037E	0x220A      	ADDWFC      R10, 1, 0
;__Lib_Math.c,465 :: 		
0x0380	0x6AE8      	CLRF        WREG, 0
;__Lib_Math.c,466 :: 		
0x0382	0x220B      	ADDWFC      R11, 1, 0
;__Lib_Math.c,468 :: 		
0x0384	0xF000C008  	MOVFF       R8, R0
;__Lib_Math.c,469 :: 		
0x0388	0xF001C009  	MOVFF       R9, R1
;__Lib_Math.c,470 :: 		
0x038C	0xF002C00A  	MOVFF       R10, R2
;__Lib_Math.c,471 :: 		
0x0390	0xF003C00B  	MOVFF       R11, R3
;__Lib_Math.c,474 :: 		
0x0394	0x0012      	RETURN      0
; end of _Mul_16x16_U
___CC2DW:
;__Lib_System.c,21 :: 		
;__Lib_System.c,23 :: 		
_CC2DL_Loop1:
;__Lib_System.c,24 :: 		
0x0396	0x0009      	TBLRD*+
;__Lib_System.c,25 :: 		
0x0398	0xFFE6CFF5  	MOVFF       TABLAT, POSTINC1
;__Lib_System.c,26 :: 		
0x039C	0x0600      	DECF        R0, 1, 0
;__Lib_System.c,27 :: 		
0x039E	0xE1FB      	BNZ         _CC2DL_Loop1
;__Lib_System.c,28 :: 		
0x03A0	0x0601      	DECF        R1, 1, 0
;__Lib_System.c,29 :: 		
0x03A2	0xE1F9      	BNZ         _CC2DL_Loop1
;__Lib_System.c,31 :: 		
0x03A4	0x0012      	RETURN      0
; end of ___CC2DW
_main:
;multii7.c,109 :: 		void main() {
;multii7.c,120 :: 		OSCCON=0x6E;
0x03A6	0x6A1C      	CLRF        _D4 
0x03A8	0x0E01      	MOVLW       1
0x03AA	0x6E1D      	MOVWF       _Flag 
0x03AC	0x6A1E      	CLRF        _Cnt 
0x03AE	0x6A1F      	CLRF        31 
0x03B0	0x6A20      	CLRF        32 
0x03B2	0x6A21      	CLRF        33 
0x03B4	0x0E6E      	MOVLW       110
0x03B6	0x6ED3      	MOVWF       OSCCON 
;multii7.c,122 :: 		TRISC=0x00;
0x03B8	0x6A94      	CLRF        TRISC 
;multii7.c,123 :: 		TRISB=0x00;
0x03BA	0x6A93      	CLRF        TRISB 
;multii7.c,125 :: 		DIGIT1=0;
0x03BC	0x9081      	BCF         PORTB, 0 
;multii7.c,126 :: 		DIGIT2=0;
0x03BE	0x9281      	BCF         PORTB, 1 
;multii7.c,127 :: 		DIGIT3=0;
0x03C0	0x9481      	BCF         PORTB, 2 
;multii7.c,142 :: 		T0CON=0xC4;
0x03C2	0x0EC4      	MOVLW       196
0x03C4	0x6ED5      	MOVWF       T0CON 
;multii7.c,143 :: 		TMR0L=100;            // Load TMR0L with 100
0x03C6	0x0E64      	MOVLW       100
0x03C8	0x6ED6      	MOVWF       TMR0L 
;multii7.c,157 :: 		INTCON=0xA0;
0x03CA	0x0EA0      	MOVLW       160
0x03CC	0x6EF2      	MOVWF       INTCON 
;multii7.c,158 :: 		Delay_ms(1000);
0x03CE	0x0E06      	MOVLW       6
0x03D0	0x6E0B      	MOVWF       R11, 0
0x03D2	0x0E13      	MOVLW       19
0x03D4	0x6E0C      	MOVWF       R12, 0
0x03D6	0x0EAD      	MOVLW       173
0x03D8	0x6E0D      	MOVWF       R13, 0
L_main10:
0x03DA	0x2E0D      	DECFSZ      R13, 1, 0
0x03DC	0xD7FE      	BRA         L_main10
0x03DE	0x2E0C      	DECFSZ      R12, 1, 0
0x03E0	0xD7FC      	BRA         L_main10
0x03E2	0x2E0B      	DECFSZ      R11, 1, 0
0x03E4	0xD7FA      	BRA         L_main10
0x03E6	0x0000      	NOP
0x03E8	0x0000      	NOP
;multii7.c,160 :: 		for(;;){
L_main11:
;multii7.c,161 :: 		Cnt++;
0x03EA	0x0E01      	MOVLW       1
0x03EC	0x261E      	ADDWF       _Cnt, 1 
0x03EE	0x0E00      	MOVLW       0
0x03F0	0x221F      	ADDWFC      _Cnt+1, 1 
0x03F2	0x2220      	ADDWFC      _Cnt+2, 1 
0x03F4	0x2221      	ADDWFC      _Cnt+3, 1 
;multii7.c,162 :: 		if(Cnt-10000==0){
0x03F6	0xF001C01E  	MOVFF       _Cnt, R1
0x03FA	0xF002C01F  	MOVFF       _Cnt+1, R2
0x03FE	0xF003C020  	MOVFF       _Cnt+2, R3
0x0402	0xF004C021  	MOVFF       _Cnt+3, R4
0x0406	0x0E10      	MOVLW       16
0x0408	0x5E01      	SUBWF       R1, 1 
0x040A	0x0E27      	MOVLW       39
0x040C	0x5A02      	SUBWFB      R2, 1 
0x040E	0x0E00      	MOVLW       0
0x0410	0x5A03      	SUBWFB      R3, 1 
0x0412	0x5A04      	SUBWFB      R4, 1 
0x0414	0x0E00      	MOVLW       0
0x0416	0x6E00      	MOVWF       R0 
0x0418	0x1804      	XORWF       R4, 0 
0x041A	0xE108      	BNZ         L__main26
0x041C	0x5000      	MOVF        R0, 0 
0x041E	0x1803      	XORWF       R3, 0 
0x0420	0xE105      	BNZ         L__main26
0x0422	0x5000      	MOVF        R0, 0 
0x0424	0x1802      	XORWF       R2, 0 
0x0426	0xE102      	BNZ         L__main26
0x0428	0x5001      	MOVF        R1, 0 
0x042A	0x0A00      	XORLW       0
L__main26:
0x042C	0xE104      	BNZ         L_main14
;multii7.c,163 :: 		Cnt=0;
0x042E	0x6A1E      	CLRF        _Cnt 
0x0430	0x6A1F      	CLRF        _Cnt+1 
0x0432	0x6A20      	CLRF        _Cnt+2 
0x0434	0x6A21      	CLRF        _Cnt+3 
;multii7.c,164 :: 		}
L_main14:
;multii7.c,165 :: 		Delay_ms(125);
0x0436	0x0EA3      	MOVLW       163
0x0438	0x6E0C      	MOVWF       R12, 0
0x043A	0x0E55      	MOVLW       85
0x043C	0x6E0D      	MOVWF       R13, 0
L_main15:
0x043E	0x2E0D      	DECFSZ      R13, 1, 0
0x0440	0xD7FE      	BRA         L_main15
0x0442	0x2E0C      	DECFSZ      R12, 1, 0
0x0444	0xD7FC      	BRA         L_main15
;multii7.c,166 :: 		}
0x0446	0xD7D1      	BRA         L_main11
;multii7.c,167 :: 		}
0x0448	0xD7FF      	BRA         $+0
; end of _main
_interrupt:
;multii7.c,55 :: 		void interrupt(){
0x044A	0xF01BC000  	MOVFF       R0, 27
0x044E	0xF01AC001  	MOVFF       R1, 26
0x0452	0xF019C002  	MOVFF       R2, 25
0x0456	0xF018C003  	MOVFF       R3, 24
0x045A	0xF017C004  	MOVFF       R4, 23
0x045E	0xF016C00B  	MOVFF       R11, 22
0x0462	0xF015C00C  	MOVFF       R12, 21
;multii7.c,56 :: 		TMR0L=100;                         // Reload TMR0L with 100
0x0466	0x0E64      	MOVLW       100
0x0468	0x6ED6      	MOVWF       TMR0L 
;multii7.c,70 :: 		INTCON=0x20;                       // Set TMR0IE and clear TMR0IF
0x046A	0x0E20      	MOVLW       32
0x046C	0x6EF2      	MOVWF       INTCON 
;multii7.c,71 :: 		Flag++;
0x046E	0x2A1D      	INCF        _Flag, 1 
;multii7.c,72 :: 		if(Flag>4){
0x0470	0x501D      	MOVF        _Flag, 0 
0x0472	0x0804      	SUBLW       4
0x0474	0xE202      	BC          L_interrupt0
;multii7.c,73 :: 		Flag=1;
0x0476	0x0E01      	MOVLW       1
0x0478	0x6E1D      	MOVWF       _Flag 
;multii7.c,74 :: 		}
L_interrupt0:
;multii7.c,75 :: 		DIGIT1=DIGIT2=DIGIT3=DIGIT4=0;
0x047A	0x9681      	BCF         PORTB, 3 
0x047C	0xB681      	BTFSC       PORTB, 3 
0x047E	0xD002      	BRA         L__interrupt17
0x0480	0x9481      	BCF         PORTB, 2 
0x0482	0xD001      	BRA         L__interrupt18
L__interrupt17:
0x0484	0x8481      	BSF         PORTB, 2 
L__interrupt18:
0x0486	0xB481      	BTFSC       PORTB, 2 
0x0488	0xD002      	BRA         L__interrupt19
0x048A	0x9281      	BCF         PORTB, 1 
0x048C	0xD001      	BRA         L__interrupt20
L__interrupt19:
0x048E	0x8281      	BSF         PORTB, 1 
L__interrupt20:
0x0490	0xB281      	BTFSC       PORTB, 1 
0x0492	0xD002      	BRA         L__interrupt21
0x0494	0x9081      	BCF         PORTB, 0 
0x0496	0xD001      	BRA         L__interrupt22
L__interrupt21:
0x0498	0x8081      	BSF         PORTB, 0 
L__interrupt22:
;multii7.c,76 :: 		D4=Cnt/1000;
0x049A	0x0EE8      	MOVLW       232
0x049C	0x6E04      	MOVWF       R4 
0x049E	0x0E03      	MOVLW       3
0x04A0	0x6E05      	MOVWF       R5 
0x04A2	0x0E00      	MOVLW       0
0x04A4	0x6E06      	MOVWF       R6 
0x04A6	0x6E07      	MOVWF       R7 
0x04A8	0xF000C01E  	MOVFF       _Cnt, R0
0x04AC	0xF001C01F  	MOVFF       _Cnt+1, R1
0x04B0	0xF002C020  	MOVFF       _Cnt+2, R2
0x04B4	0xF003C021  	MOVFF       _Cnt+3, R3
0x04B8	0xDDB1      	RCALL       _Div_32x32_U
0x04BA	0xF01CC000  	MOVFF       R0, _D4
;multii7.c,77 :: 		D3=(Cnt-D4*1000)/100;
0x04BE	0x0E00      	MOVLW       0
0x04C0	0x6E01      	MOVWF       R1 
0x04C2	0x0EE8      	MOVLW       232
0x04C4	0x6E04      	MOVWF       R4 
0x04C6	0x0E03      	MOVLW       3
0x04C8	0x6E05      	MOVWF       R5 
0x04CA	0xDF3D      	RCALL       _Mul_16x16_U
0x04CC	0xF004C01E  	MOVFF       _Cnt, R4
0x04D0	0xF005C01F  	MOVFF       _Cnt+1, R5
0x04D4	0xF006C020  	MOVFF       _Cnt+2, R6
0x04D8	0xF007C021  	MOVFF       _Cnt+3, R7
0x04DC	0x5000      	MOVF        R0, 0 
0x04DE	0x5E04      	SUBWF       R4, 1 
0x04E0	0x5001      	MOVF        R1, 0 
0x04E2	0x5A05      	SUBWFB      R5, 1 
0x04E4	0x0E00      	MOVLW       0
0x04E6	0xBE01      	BTFSC       R1, 7 
0x04E8	0x0EFF      	MOVLW       255
0x04EA	0x5A06      	SUBWFB      R6, 1 
0x04EC	0x5A07      	SUBWFB      R7, 1 
0x04EE	0xF000C004  	MOVFF       R4, R0
0x04F2	0xF001C005  	MOVFF       R5, R1
0x04F6	0xF002C006  	MOVFF       R6, R2
0x04FA	0xF003C007  	MOVFF       R7, R3
0x04FE	0x0E64      	MOVLW       100
0x0500	0x6E04      	MOVWF       R4 
0x0502	0x0E00      	MOVLW       0
0x0504	0x6E05      	MOVWF       R5 
0x0506	0x6E06      	MOVWF       R6 
0x0508	0x6E07      	MOVWF       R7 
0x050A	0xDD88      	RCALL       _Div_32x32_U
0x050C	0xF022C000  	MOVFF       R0, _D3
;multii7.c,78 :: 		D2=(Cnt-D4*1000-D3*100)/10;
0x0510	0xF000C01C  	MOVFF       _D4, R0
0x0514	0x0E00      	MOVLW       0
0x0516	0x6E01      	MOVWF       R1 
0x0518	0x0EE8      	MOVLW       232
0x051A	0x6E04      	MOVWF       R4 
0x051C	0x0E03      	MOVLW       3
0x051E	0x6E05      	MOVWF       R5 
0x0520	0xDF12      	RCALL       _Mul_16x16_U
0x0522	0xF029C01E  	MOVFF       _Cnt, FLOC__interrupt+4
0x0526	0xF02AC01F  	MOVFF       _Cnt+1, FLOC__interrupt+5
0x052A	0xF02BC020  	MOVFF       _Cnt+2, FLOC__interrupt+6
0x052E	0xF02CC021  	MOVFF       _Cnt+3, FLOC__interrupt+7
0x0532	0x5000      	MOVF        R0, 0 
0x0534	0x5E29      	SUBWF       FLOC__interrupt+4, 1 
0x0536	0x5001      	MOVF        R1, 0 
0x0538	0x5A2A      	SUBWFB      FLOC__interrupt+5, 1 
0x053A	0x0E00      	MOVLW       0
0x053C	0xBE01      	BTFSC       R1, 7 
0x053E	0x0EFF      	MOVLW       255
0x0540	0x5A2B      	SUBWFB      FLOC__interrupt+6, 1 
0x0542	0x5A2C      	SUBWFB      FLOC__interrupt+7, 1 
0x0544	0x0E64      	MOVLW       100
0x0546	0x0222      	MULWF       _D3 
0x0548	0xF000CFF3  	MOVFF       PRODL, R0
0x054C	0xF001CFF4  	MOVFF       PRODH, R1
0x0550	0xF025C029  	MOVFF       FLOC__interrupt+4, FLOC__interrupt
0x0554	0xF026C02A  	MOVFF       FLOC__interrupt+5, FLOC__interrupt+1
0x0558	0xF027C02B  	MOVFF       FLOC__interrupt+6, FLOC__interrupt+2
0x055C	0xF028C02C  	MOVFF       FLOC__interrupt+7, FLOC__interrupt+3
0x0560	0x5000      	MOVF        R0, 0 
0x0562	0x5E25      	SUBWF       FLOC__interrupt, 1 
0x0564	0x5001      	MOVF        R1, 0 
0x0566	0x5A26      	SUBWFB      FLOC__interrupt+1, 1 
0x0568	0x0E00      	MOVLW       0
0x056A	0xBE01      	BTFSC       R1, 7 
0x056C	0x0EFF      	MOVLW       255
0x056E	0x5A27      	SUBWFB      FLOC__interrupt+2, 1 
0x0570	0x5A28      	SUBWFB      FLOC__interrupt+3, 1 
0x0572	0x0E0A      	MOVLW       10
0x0574	0x6E04      	MOVWF       R4 
0x0576	0x0E00      	MOVLW       0
0x0578	0x6E05      	MOVWF       R5 
0x057A	0x6E06      	MOVWF       R6 
0x057C	0x6E07      	MOVWF       R7 
0x057E	0xF000C025  	MOVFF       FLOC__interrupt, R0
0x0582	0xF001C026  	MOVFF       FLOC__interrupt+1, R1
0x0586	0xF002C027  	MOVFF       FLOC__interrupt+2, R2
0x058A	0xF003C028  	MOVFF       FLOC__interrupt+3, R3
0x058E	0xDD46      	RCALL       _Div_32x32_U
0x0590	0xF024C000  	MOVFF       R0, _D2
;multii7.c,79 :: 		D1=(Cnt-D4*1000-D3*100-D2*10);
0x0594	0xF023C025  	MOVFF       FLOC__interrupt, _D1
0x0598	0x0E0A      	MOVLW       10
0x059A	0x0200      	MULWF       R0 
0x059C	0xF000CFF3  	MOVFF       PRODL, R0
0x05A0	0x5000      	MOVF        R0, 0 
0x05A2	0x5E23      	SUBWF       _D1, 1 
;multii7.c,80 :: 		switch(Flag){
0x05A4	0xD040      	BRA         L_interrupt1
;multii7.c,81 :: 		case 1:
L_interrupt3:
;multii7.c,82 :: 		PORTC=Display(D1);
0x05A6	0xF02DC023  	MOVFF       _D1, FARG_Display_no
0x05AA	0xDEAE      	RCALL       _Display
0x05AC	0xFF82C000  	MOVFF       R0, PORTC
;multii7.c,83 :: 		DIGIT1=1;
0x05B0	0x8081      	BSF         PORTB, 0 
;multii7.c,84 :: 		break;
0x05B2	0xD045      	BRA         L_interrupt2
;multii7.c,86 :: 		case 2:
L_interrupt4:
;multii7.c,87 :: 		PORTC=Display(D2);
0x05B4	0xF02DC024  	MOVFF       _D2, FARG_Display_no
0x05B8	0xDEA7      	RCALL       _Display
0x05BA	0xFF82C000  	MOVFF       R0, PORTC
;multii7.c,88 :: 		if(Cnt>=10){
0x05BE	0x0E00      	MOVLW       0
0x05C0	0x5C21      	SUBWF       _Cnt+3, 0 
0x05C2	0xE108      	BNZ         L__interrupt23
0x05C4	0x0E00      	MOVLW       0
0x05C6	0x5C20      	SUBWF       _Cnt+2, 0 
0x05C8	0xE105      	BNZ         L__interrupt23
0x05CA	0x0E00      	MOVLW       0
0x05CC	0x5C1F      	SUBWF       _Cnt+1, 0 
0x05CE	0xE102      	BNZ         L__interrupt23
0x05D0	0x0E0A      	MOVLW       10
0x05D2	0x5C1E      	SUBWF       _Cnt, 0 
L__interrupt23:
0x05D4	0xE301      	BNC         L_interrupt5
;multii7.c,89 :: 		DIGIT2=1;
0x05D6	0x8281      	BSF         PORTB, 1 
;multii7.c,90 :: 		}
L_interrupt5:
;multii7.c,91 :: 		break;
0x05D8	0xD032      	BRA         L_interrupt2
;multii7.c,93 :: 		case 3:
L_interrupt6:
;multii7.c,94 :: 		PORTC=Display(D3);
0x05DA	0xF02DC022  	MOVFF       _D3, FARG_Display_no
0x05DE	0xDE94      	RCALL       _Display
0x05E0	0xFF82C000  	MOVFF       R0, PORTC
;multii7.c,95 :: 		if(Cnt>=100){
0x05E4	0x0E00      	MOVLW       0
0x05E6	0x5C21      	SUBWF       _Cnt+3, 0 
0x05E8	0xE108      	BNZ         L__interrupt24
0x05EA	0x0E00      	MOVLW       0
0x05EC	0x5C20      	SUBWF       _Cnt+2, 0 
0x05EE	0xE105      	BNZ         L__interrupt24
0x05F0	0x0E00      	MOVLW       0
0x05F2	0x5C1F      	SUBWF       _Cnt+1, 0 
0x05F4	0xE102      	BNZ         L__interrupt24
0x05F6	0x0E64      	MOVLW       100
0x05F8	0x5C1E      	SUBWF       _Cnt, 0 
L__interrupt24:
0x05FA	0xE301      	BNC         L_interrupt7
;multii7.c,96 :: 		DIGIT3=1;
0x05FC	0x8481      	BSF         PORTB, 2 
;multii7.c,97 :: 		}
L_interrupt7:
;multii7.c,98 :: 		break;
0x05FE	0xD01F      	BRA         L_interrupt2
;multii7.c,100 :: 		case 4:
L_interrupt8:
;multii7.c,101 :: 		PORTC=Display(D4);
0x0600	0xF02DC01C  	MOVFF       _D4, FARG_Display_no
0x0604	0xDE81      	RCALL       _Display
0x0606	0xFF82C000  	MOVFF       R0, PORTC
;multii7.c,102 :: 		if(Cnt>=1000){
0x060A	0x0E00      	MOVLW       0
0x060C	0x5C21      	SUBWF       _Cnt+3, 0 
0x060E	0xE108      	BNZ         L__interrupt25
0x0610	0x0E00      	MOVLW       0
0x0612	0x5C20      	SUBWF       _Cnt+2, 0 
0x0614	0xE105      	BNZ         L__interrupt25
0x0616	0x0E03      	MOVLW       3
0x0618	0x5C1F      	SUBWF       _Cnt+1, 0 
0x061A	0xE102      	BNZ         L__interrupt25
0x061C	0x0EE8      	MOVLW       232
0x061E	0x5C1E      	SUBWF       _Cnt, 0 
L__interrupt25:
0x0620	0xE301      	BNC         L_interrupt9
;multii7.c,103 :: 		DIGIT4=1;
0x0622	0x8681      	BSF         PORTB, 3 
;multii7.c,104 :: 		}
L_interrupt9:
;multii7.c,105 :: 		break;
0x0624	0xD00C      	BRA         L_interrupt2
;multii7.c,106 :: 		}
L_interrupt1:
0x0626	0x501D      	MOVF        _Flag, 0 
0x0628	0x0A01      	XORLW       1
0x062A	0xE0BD      	BZ          L_interrupt3
0x062C	0x501D      	MOVF        _Flag, 0 
0x062E	0x0A02      	XORLW       2
0x0630	0xE0C1      	BZ          L_interrupt4
0x0632	0x501D      	MOVF        _Flag, 0 
0x0634	0x0A03      	XORLW       3
0x0636	0xE0D1      	BZ          L_interrupt6
0x0638	0x501D      	MOVF        _Flag, 0 
0x063A	0x0A04      	XORLW       4
0x063C	0xE0E1      	BZ          L_interrupt8
L_interrupt2:
;multii7.c,107 :: 		}
L__interrupt16:
0x063E	0xF000C01B  	MOVFF       27, R0
0x0642	0xF001C01A  	MOVFF       26, R1
0x0646	0xF002C019  	MOVFF       25, R2
0x064A	0xF003C018  	MOVFF       24, R3
0x064E	0xF004C017  	MOVFF       23, R4
0x0652	0xF00BC016  	MOVFF       22, R11
0x0656	0xF00CC015  	MOVFF       21, R12
0x065A	0x0011      	RETFIE      1
; end of _interrupt
Symbol List:
//** Routines locations **
//ADDRESS    SIZE    PROCEDURE
//----------------------------------------------
0x001C     [748]    _Div_32x32_U
0x0308      [62]    _Display
0x0346      [80]    _Mul_16x16_U
0x0396      [16]    ___CC2DW
0x03A6     [164]    _main
0x044A     [530]    _interrupt
//** Variables locations ** 
//ADDRESS    SIZE    VARIABLE
//----------------------------------------------
0x0000       [1]    R0
0x0001       [1]    R1
0x0002       [1]    R2
0x0003       [1]    R3
0x0004       [1]    R4
0x0005       [1]    R5
0x0006       [1]    R6
0x0007       [1]    R7
0x0008       [1]    R8
0x0009       [1]    R9
0x000A       [1]    R10
0x000B       [1]    R11
0x000C       [1]    R12
0x000D       [1]    R13
0x000E       [1]    R14
0x000F       [1]    R15
0x0010       [1]    R16
0x0011       [1]    R17
0x0012       [1]    R18
0x0013       [1]    R19
0x0014       [1]    R20
0x0015       [1]    ___Low_saveWREG
0x0016       [1]    ___Low_saveSTATUS
0x0017       [1]    ___Low_saveBSR
0x001C       [1]    _D4
0x001D       [1]    _Flag
0x001E       [4]    _Cnt
0x0022       [1]    _D3
0x0023       [1]    _D1
0x0024       [1]    _D2
0x0025       [8]    FLOC__interrupt
0x002D       [1]    FARG_Display_no
0x002E      [10]    Display_SEGMENT_L0
0x0F80       [0]    RA6_bit
0x0F80       [0]    RA5_bit
0x0F80       [0]    CVREF_bit
0x0F80       [0]    NOT_SS_bit
0x0F80       [0]    LVDIN_bit
0x0F80       [0]    RA4_bit
0x0F80       [0]    RA1_bit
0x0F80       [0]    RA0_bit
0x0F80       [0]    RA2_bit
0x0F80       [1]    PORTA
0x0F80       [0]    RA3_bit
0x0F80       [0]    CLKI_bit
0x0F80       [0]    T0CKI_bit
0x0F80       [0]    AN4_bit
0x0F80       [0]    OSC2_bit
0x0F80       [0]    AN3_bit
0x0F80       [0]    AN1_bit
0x0F80       [0]    AN2_bit
0x0F80       [0]    AN0_bit
0x0F80       [0]    OSC1_bit
0x0F80       [0]    RA7_bit
0x0F80       [0]    VREFP_bit
0x0F80       [0]    CLKO_bit
0x0F80       [0]    SS_bit
0x0F80       [0]    VREFN_bit
0x0F81       [0]    PGM_bit
0x0F81       [0]    PGC_bit
0x0F81       [0]    PGD_bit
0x0F81       [0]    AN9_bit
0x0F81       [0]    AN10_bit
0x0F81       [0]    AN11_bit
0x0F81       [0]    AN8_bit
0x0F81       [0]    AN12_bit
0x0F81       [0]    RB6_bit
0x0F81       [0]    RB5_bit
0x0F81       [1]    PORTB
0x0F81       [0]    RB7_bit
0x0F81       [0]    RB4_bit
0x0F81       [0]    RB1_bit
0x0F81       [0]    RB0_bit
0x0F81       [0]    RB3_bit
0x0F81       [0]    RB2_bit
0x0F81       [0]    KBI1_bit
0x0F81       [0]    KBI0_bit
0x0F81       [0]    KBI3_bit
0x0F81       [0]    KBI2_bit
0x0F81       [0]    CCP2_PORTB_bit
0x0F81       [0]    INT0_bit
0x0F81       [0]    INT1_bit
0x0F81       [0]    INT2_bit
0x0F82       [0]    TX_bit
0x0F82       [0]    RX__bit
0x0F82       [0]    SDO_bit
0x0F82       [0]    SCK_bit
0x0F82       [0]    SDI_bit
0x0F82       [0]    T13CKI_bit
0x0F82       [0]    CK_bit
0x0F82       [0]    T1CKI_bit
0x0F82       [0]    SDA_bit
0x0F82       [0]    CCP2_PORTC_bit
0x0F82       [0]    SCL_bit
0x0F82       [0]    RC0_bit
0x0F82       [0]    RC5_bit
0x0F82       [0]    RC4_bit
0x0F82       [0]    RC6_bit
0x0F82       [1]    PORTC
0x0F82       [0]    RC7_bit
0x0F82       [0]    RC3_bit
0x0F82       [0]    T1OSI_bit
0x0F82       [0]    CCP1_bit
0x0F82       [0]    RC1_bit
0x0F82       [0]    RC2_bit
0x0F82       [0]    T1OSO_bit
0x0F83       [0]    PSP1_bit
0x0F83       [0]    PSP6_bit
0x0F83       [1]    PORTD
0x0F83       [0]    PSP4_bit
0x0F83       [0]    PSP2_bit
0x0F83       [0]    PSP5_bit
0x0F83       [0]    P1B_bit
0x0F83       [0]    P1C_bit
0x0F83       [0]    P1D_bit
0x0F83       [0]    PSP7_bit
0x0F83       [0]    RD0_bit
0x0F83       [0]    PSP0_bit
0x0F83       [0]    RD1_bit
0x0F83       [0]    RD3_bit
0x0F83       [0]    RD2_bit
0x0F83       [0]    RD6_bit
0x0F83       [0]    PSP3_bit
0x0F83       [0]    RD5_bit
0x0F83       [0]    RD7_bit
0x0F83       [0]    RD4_bit
0x0F84       [0]    NOT_RD_bit
0x0F84       [0]    NOT_WR_bit
0x0F84       [0]    RE3_bit
0x0F84       [0]    RE2_bit
0x0F84       [0]    WR_bit
0x0F84       [0]    RE0_bit
0x0F84       [0]    RD_bit
0x0F84       [0]    MCLR_bit
0x0F84       [0]    CS_bit
0x0F84       [0]    RE1_bit
0x0F84       [0]    AN6_bit
0x0F84       [0]    NOT_MCLR_bit
0x0F84       [0]    AN7_bit
0x0F84       [0]    AN5_bit
0x0F84       [0]    VPP_bit
0x0F84       [1]    PORTE
0x0F84       [0]    NOT_CS_bit
0x0F89       [0]    LATA3_bit
0x0F89       [0]    LATA7_bit
0x0F89       [1]    LATA
0x0F89       [0]    LATA1_bit
0x0F89       [0]    LATA0_bit
0x0F89       [0]    LATA6_bit
0x0F89       [0]    LATA2_bit
0x0F89       [0]    LATA5_bit
0x0F89       [0]    LATA4_bit
0x0F8A       [0]    LATB1_bit
0x0F8A       [0]    LATB7_bit
0x0F8A       [0]    LATB2_bit
0x0F8A       [0]    LATB6_bit
0x0F8A       [0]    LATB4_bit
0x0F8A       [0]    LATB5_bit
0x0F8A       [0]    LATB3_bit
0x0F8A       [0]    LATB0_bit
0x0F8A       [1]    LATB
0x0F8B       [1]    LATC
0x0F8B       [0]    LATC3_bit
0x0F8B       [0]    LATC2_bit
0x0F8B       [0]    LATC7_bit
0x0F8B       [0]    LATC6_bit
0x0F8B       [0]    LATC5_bit
0x0F8B       [0]    LATC4_bit
0x0F8B       [0]    LATC0_bit
0x0F8B       [0]    LATC1_bit
0x0F8C       [0]    LATD1_bit
0x0F8C       [0]    LATD2_bit
0x0F8C       [0]    LATD4_bit
0x0F8C       [0]    LATD7_bit
0x0F8C       [0]    LATD0_bit
0x0F8C       [0]    LATD5_bit
0x0F8C       [0]    LATD6_bit
0x0F8C       [1]    LATD
0x0F8C       [0]    LATD3_bit
0x0F8D       [0]    LATE2_bit
0x0F8D       [1]    LATE
0x0F8D       [0]    LATE1_bit
0x0F8D       [0]    LATE0_bit
0x0F92       [0]    TRISA0_bit
0x0F92       [0]    TRISA1_bit
0x0F92       [0]    TRISA5_bit
0x0F92       [0]    TRISA6_bit
0x0F92       [0]    TRISA7_bit
0x0F92       [0]    TRISA4_bit
0x0F92       [0]    TRISA2_bit
0x0F92       [0]    TRISA3_bit
0x0F92       [1]    TRISA
0x0F93       [0]    TRISB3_bit
0x0F93       [0]    TRISB4_bit
0x0F93       [0]    TRISB2_bit
0x0F93       [0]    TRISB0_bit
0x0F93       [0]    TRISB1_bit
0x0F93       [0]    TRISB5_bit
0x0F93       [0]    TRISB6_bit
0x0F93       [0]    TRISB7_bit
0x0F93       [1]    TRISB
0x0F94       [0]    TRISC0_bit
0x0F94       [0]    TRISC7_bit
0x0F94       [0]    TRISC6_bit
0x0F94       [0]    TRISC1_bit
0x0F94       [1]    TRISC
0x0F94       [0]    TRISC4_bit
0x0F94       [0]    TRISC3_bit
0x0F94       [0]    TRISC5_bit
0x0F94       [0]    TRISC2_bit
0x0F95       [1]    TRISD
0x0F95       [0]    TRISD0_bit
0x0F95       [0]    TRISD7_bit
0x0F95       [0]    TRISD2_bit
0x0F95       [0]    TRISD3_bit
0x0F95       [0]    TRISD6_bit
0x0F95       [0]    TRISD5_bit
0x0F95       [0]    TRISD1_bit
0x0F95       [0]    TRISD4_bit
0x0F96       [0]    TRISE0_bit
0x0F96       [0]    OBF_bit
0x0F96       [0]    PSPMODE_TRISE_bit
0x0F96       [1]    TRISE
0x0F96       [0]    IBOV_TRISE_bit
0x0F96       [0]    PSPMODE_bit
0x0F96       [0]    TRISE1_bit
0x0F96       [0]    IBOV_bit
0x0F96       [0]    IBF_TRISE_bit
0x0F96       [0]    OBF_TRISE_bit
0x0F96       [0]    IBF_bit
0x0F96       [0]    TRISE2_bit
0x0F9B       [0]    TUN0_bit
0x0F9B       [0]    TUN1_bit
0x0F9B       [0]    TUN3_bit
0x0F9B       [1]    OSCTUNE
0x0F9B       [0]    PLLEN_bit
0x0F9B       [0]    TUN4_bit
0x0F9B       [0]    INTSRC_bit
0x0F9B       [0]    TUN2_bit
0x0F9D       [0]    SSPIE_bit
0x0F9D       [0]    TXIE_bit
0x0F9D       [0]    RCIE_bit
0x0F9D       [0]    CCP1IE_bit
0x0F9D       [0]    TMR2IE_bit
0x0F9D       [1]    PIE1
0x0F9D       [0]    PSPIE_bit
0x0F9D       [0]    TMR1IE_bit
0x0F9D       [0]    ADIE_bit
0x0F9E       [0]    CCP1IF_bit
0x0F9E       [0]    TMR1IF_bit
0x0F9E       [0]    ADIF_bit
0x0F9E       [1]    PIR1
0x0F9E       [0]    SSPIF_bit
0x0F9E       [0]    PSPIF_bit
0x0F9E       [0]    TMR2IF_bit
0x0F9E       [0]    RCIF_bit
0x0F9E       [0]    TXIF_bit
0x0F9F       [0]    TMR1IP_bit
0x0F9F       [0]    TMR2IP_bit
0x0F9F       [1]    IPR1
0x0F9F       [0]    RCIP_bit
0x0F9F       [0]    SSPIP_bit
0x0F9F       [0]    CCP1IP_bit
0x0F9F       [0]    TXIP_bit
0x0F9F       [0]    ADIP_bit
0x0F9F       [0]    PSPIP_bit
0x0FA0       [0]    TMR3IE_bit
0x0FA0       [0]    CMIE_bit
0x0FA0       [0]    LVDIE_bit
0x0FA0       [0]    OSCFIE_bit
0x0FA0       [0]    CCP2IE_bit
0x0FA0       [0]    BCLIE_bit
0x0FA0       [0]    HLVDIE_bit
0x0FA0       [1]    PIE2
0x0FA0       [0]    EEIE_bit
0x0FA1       [0]    CMIF_bit
0x0FA1       [0]    CCP2IF_bit
0x0FA1       [1]    PIR2
0x0FA1       [0]    TMR3IF_bit
0x0FA1       [0]    BCLIF_bit
0x0FA1       [0]    EEIF_bit
0x0FA1       [0]    HLVDIF_bit
0x0FA1       [0]    LVDIF_bit
0x0FA1       [0]    OSCFIF_bit
0x0FA2       [0]    OSCFIP_bit
0x0FA2       [0]    BCLIP_bit
0x0FA2       [0]    LVDIP_bit
0x0FA2       [0]    HLVDIP_bit
0x0FA2       [1]    IPR2
0x0FA2       [0]    EEIP_bit
0x0FA2       [0]    CCP2IP_bit
0x0FA2       [0]    TMR3IP_bit
0x0FA2       [0]    CMIP_bit
0x0FA6       [1]    EECON1
0x0FA6       [0]    EEPGD_bit
0x0FA6       [0]    CFGS_bit
0x0FA6       [0]    WRERR_bit
0x0FA6       [0]    FREE_bit
0x0FA6       [0]    RD_EECON1_bit
0x0FA6       [0]    WREN_bit
0x0FA6       [0]    WR_EECON1_bit
0x0FA7       [1]    EECON2
0x0FA8       [1]    EEDATA
0x0FA9       [1]    EEADR
0x0FAB       [0]    ADEN_bit
0x0FAB       [0]    RX9D_bit
0x0FAB       [0]    OERR_bit
0x0FAB       [0]    FERR_bit
0x0FAB       [0]    ADDEN_bit
0x0FAB       [0]    RX9_bit
0x0FAB       [0]    CREN_bit
0x0FAB       [1]    RCSTA
0x0FAB       [0]    SREN_bit
0x0FAB       [0]    SPEN_bit
0x0FAC       [0]    BRGH_bit
0x0FAC       [0]    TX9_bit
0x0FAC       [0]    SYNC_bit
0x0FAC       [1]    TXSTA
0x0FAC       [0]    SENDB_bit
0x0FAC       [0]    TRMT_bit
0x0FAC       [0]    TX9D_bit
0x0FAC       [0]    TXEN_bit
0x0FAC       [0]    CSRC_bit
0x0FAD       [1]    TXREG
0x0FAE       [1]    RCREG
0x0FAF       [1]    SPBRG
0x0FB0       [1]    SPBRGH
0x0FB1       [0]    TMR3CS_bit
0x0FB1       [0]    T3CCP1_bit
0x0FB1       [0]    T3CCP2_bit
0x0FB1       [0]    TMR3ON_bit
0x0FB1       [1]    T3CON
0x0FB1       [0]    T3CKPS1_bit
0x0FB1       [0]    RD16_bit
0x0FB1       [0]    T3CKPS0_bit
0x0FB1       [0]    NOT_T3SYNC_bit
0x0FB1       [0]    T3SYNC_bit
0x0FB2       [1]    TMR3L
0x0FB3       [1]    TMR3H
0x0FB4       [0]    C2INV_bit
0x0FB4       [0]    C2OUT_bit
0x0FB4       [0]    CM0_bit
0x0FB4       [0]    CM1_bit
0x0FB4       [1]    CMCON
0x0FB4       [0]    C1OUT_bit
0x0FB4       [0]    CIS_bit
0x0FB4       [0]    CM2_bit
0x0FB4       [0]    C1INV_bit
0x0FB5       [0]    CVRSS_bit
0x0FB5       [0]    CVROE_bit
0x0FB5       [0]    CVR2_bit
0x0FB5       [0]    CVREN_bit
0x0FB5       [1]    CVRCON
0x0FB5       [0]    CVR1_bit
0x0FB5       [0]    CVR0_bit
0x0FB5       [0]    CVRR_bit
0x0FB5       [0]    CVR3_bit
0x0FB6       [0]    PSSBD0_bit
0x0FB6       [0]    ECCPAS0_bit
0x0FB6       [0]    PSSAC1_bit
0x0FB6       [0]    ECCPAS1_bit
0x0FB6       [0]    ECCPASE_bit
0x0FB6       [0]    ECCPAS2_bit
0x0FB6       [0]    PSSAC0_bit
0x0FB6       [0]    PSSBD1_bit
0x0FB6       [1]    ECCP1AS
0x0FB7       [0]    PDC6_bit
0x0FB7       [0]    PDC2_bit
0x0FB7       [0]    PDC5_bit
0x0FB7       [0]    PDC0_bit
0x0FB7       [0]    PDC1_bit
0x0FB7       [0]    PDC3_bit
0x0FB7       [0]    PRSEN_bit
0x0FB7       [1]    PWM1CON
0x0FB7       [0]    PDC4_bit
0x0FB8       [0]    ABDEN_bit
0x0FB8       [0]    WUE_bit
0x0FB8       [0]    BRG16_bit
0x0FB8       [0]    SCKP_bit
0x0FB8       [0]    TXCKP_bit
0x0FB8       [0]    RXDTP_bit
0x0FB8       [0]    RCMT_bit
0x0FB8       [0]    ABDOVF_bit
0x0FB8       [1]    BAUDCON
0x0FB8       [0]    RCIDL_bit
0x0FB8       [1]    BAUDCTL
0x0FBA       [1]    CCP2CON
0x0FBA       [0]    DC2B0_bit
0x0FBA       [0]    DC2B1_bit
0x0FBA       [0]    CCP2M3_bit
0x0FBA       [0]    CCP2M2_bit
0x0FBA       [0]    CCP2M1_bit
0x0FBA       [0]    CCP2X_bit
0x0FBA       [0]    CCP2Y_bit
0x0FBA       [0]    CCP2M0_bit
0x0FBB       [1]    CCPR2L
0x0FBB       [1]    CCPR2
0x0FBC       [1]    CCPR2H
0x0FBD       [0]    DC1B1_bit
0x0FBD       [0]    CCP1M1_bit
0x0FBD       [0]    DC1B0_bit
0x0FBD       [0]    CCP1M0_bit
0x0FBD       [1]    CCP1CON
0x0FBD       [0]    P1M0_bit
0x0FBD       [0]    P1M1_bit
0x0FBD       [0]    CCP1Y_bit
0x0FBD       [0]    CCP1X_bit
0x0FBD       [0]    CCP1M2_bit
0x0FBD       [0]    CCP1M3_bit
0x0FBE       [1]    CCPR1L
0x0FBE       [1]    CCPR1
0x0FBF       [1]    CCPR1H
0x0FC0       [0]    ADCS0_bit
0x0FC0       [0]    ACQT2_bit
0x0FC0       [1]    ADCON2
0x0FC0       [0]    ADFM_bit
0x0FC0       [0]    ACQT1_bit
0x0FC0       [0]    ADCS1_bit
0x0FC0       [0]    ADCS2_bit
0x0FC0       [0]    ACQT0_bit
0x0FC1       [0]    PCFG0_bit
0x0FC1       [1]    ADCON1
0x0FC1       [0]    VCFG0_bit
0x0FC1       [0]    PCFG3_bit
0x0FC1       [0]    PCFG2_bit
0x0FC1       [0]    PCFG1_bit
0x0FC1       [0]    VCFG1_bit
0x0FC2       [0]    NOT_DONE_bit
0x0FC2       [0]    DONE_bit
0x0FC2       [0]    ADON_bit
0x0FC2       [0]    GO_DONE_bit
0x0FC2       [1]    ADCON0
0x0FC2       [0]    CHS0_bit
0x0FC2       [0]    GO_bit
0x0FC2       [0]    CHS1_bit
0x0FC2       [0]    CHS3_bit
0x0FC2       [0]    CHS2_bit
0x0FC3       [1]    ADRES
0x0FC3       [1]    ADRESL
0x0FC4       [1]    ADRESH
0x0FC5       [0]    ACKEN_bit
0x0FC5       [0]    SEN_bit
0x0FC5       [0]    RSEN_bit
0x0FC5       [1]    SSPCON2
0x0FC5       [0]    ACKSTAT_bit
0x0FC5       [0]    GCEN_bit
0x0FC5       [0]    RCEN_bit
0x0FC5       [0]    ACKDT_bit
0x0FC5       [0]    PEN_bit
0x0FC6       [0]    CKP_bit
0x0FC6       [0]    SSPEN_bit
0x0FC6       [0]    SSPM1_bit
0x0FC6       [0]    SSPM0_bit
0x0FC6       [0]    WCOL_bit
0x0FC6       [0]    SSPM2_bit
0x0FC6       [1]    SSPCON1
0x0FC6       [0]    SSPM3_bit
0x0FC6       [0]    SSPOV_bit
0x0FC7       [0]    SMP_bit
0x0FC7       [0]    NOT_W_bit
0x0FC7       [0]    D_bit
0x0FC7       [0]    CKE_bit
0x0FC7       [0]    NOT_A_bit
0x0FC7       [0]    NOT_WRITE_bit
0x0FC7       [0]    NOT_ADDRESS_bit
0x0FC7       [0]    R_W_bit
0x0FC7       [0]    D_A_bit
0x0FC7       [0]    UA_bit
0x0FC7       [0]    BF_bit
0x0FC7       [1]    SSPSTAT
0x0FC7       [0]    R_bit
0x0FC7       [0]    P_bit
0x0FC7       [0]    S_bit
0x0FC8       [1]    SSPADD
0x0FC9       [1]    SSPBUF
0x0FCA       [0]    T2OUTPS2_bit
0x0FCA       [0]    TMR2ON_bit
0x0FCA       [0]    T2OUTPS1_bit
0x0FCA       [0]    T2OUTPS0_bit
0x0FCA       [0]    T2OUTPS3_bit
0x0FCA       [1]    T2CON
0x0FCA       [0]    T2CKPS1_bit
0x0FCA       [0]    T2CKPS0_bit
0x0FCB       [1]    PR2
0x0FCC       [1]    TMR2
0x0FCD       [0]    TMR1ON_bit
0x0FCD       [0]    TMR1CS_bit
0x0FCD       [0]    T1RUN_bit
0x0FCD       [0]    T1CKPS1_bit
0x0FCD       [0]    NOT_T1SYNC_bit
0x0FCD       [0]    RD16_T1CON_bit
0x0FCD       [0]    T1CKPS0_bit
0x0FCD       [1]    T1CON
0x0FCD       [0]    T1SYNC_bit
0x0FCD       [0]    T1OSCEN_bit
0x0FCE       [1]    TMR1L
0x0FCF       [1]    TMR1H
0x0FD0       [0]    NOT_BOR_bit
0x0FD0       [0]    IPEN_bit
0x0FD0       [0]    SBOREN_bit
0x0FD0       [0]    NOT_RI_bit
0x0FD0       [0]    NOT_TO_bit
0x0FD0       [0]    NOT_PD_bit
0x0FD0       [0]    NOT_POR_bit
0x0FD0       [0]    POR_bit
0x0FD0       [0]    BOR_bit
0x0FD0       [1]    RCON
0x0FD0       [0]    PD_bit
0x0FD0       [0]    RI_bit
0x0FD0       [0]    TO__bit
0x0FD1       [0]    SWDTEN_bit
0x0FD1       [0]    SWDTE_bit
0x0FD1       [1]    WDTCON
0x0FD2       [1]    HLVDCON
0x0FD2       [1]    LVDCON
0x0FD2       [0]    LVV0_bit
0x0FD2       [0]    IRVST_bit
0x0FD2       [0]    LVV2_bit
0x0FD2       [0]    LVV1_bit
0x0FD2       [0]    LVDEN_bit
0x0FD2       [0]    LVDL1_bit
0x0FD2       [0]    LVDL0_bit
0x0FD2       [0]    LVDL3_bit
0x0FD2       [0]    LVDL2_bit
0x0FD2       [0]    HLVDEN_bit
0x0FD2       [0]    HLVDL3_bit
0x0FD2       [0]    IVRST_bit
0x0FD2       [0]    VDIRMAG_bit
0x0FD2       [0]    HLVDL2_bit
0x0FD2       [0]    BGST_bit
0x0FD2       [0]    LVV3_bit
0x0FD2       [0]    HLVDL1_bit
0x0FD2       [0]    HLVDL0_bit
0x0FD3       [0]    IOFS_bit
0x0FD3       [0]    OSTS_bit
0x0FD3       [0]    SCS1_bit
0x0FD3       [1]    OSCCON
0x0FD3       [0]    SCS0_bit
0x0FD3       [0]    IDLEN_bit
0x0FD3       [0]    FLTS_bit
0x0FD3       [0]    IRCF2_bit
0x0FD3       [0]    IRCF0_bit
0x0FD3       [0]    IRCF1_bit
0x0FD5       [0]    T0CS_bit
0x0FD5       [0]    T0PS1_bit
0x0FD5       [0]    T08BIT_bit
0x0FD5       [0]    T0PS2_bit
0x0FD5       [0]    T0SE_bit
0x0FD5       [1]    T0CON
0x0FD5       [0]    PSA_bit
0x0FD5       [0]    TMR0ON_bit
0x0FD5       [0]    T0PS0_bit
0x0FD6       [1]    TMR0L
0x0FD7       [1]    TMR0H
0x0FD8       [0]    C_bit
0x0FD8       [0]    N_bit
0x0FD8       [1]    STATUS
0x0FD8       [0]    Z_bit
0x0FD8       [0]    DC_bit
0x0FD8       [0]    OV_bit
0x0FD9       [2]    FSR2PTR
0x0FD9       [2]    FSR2
0x0FD9       [1]    FSR2L
0x0FDA       [1]    FSR2H
0x0FDB       [1]    PLUSW2
0x0FDC       [1]    PREINC2
0x0FDD       [1]    POSTDEC2
0x0FDE       [1]    POSTINC2
0x0FDF       [1]    INDF2
0x0FE0       [1]    BSR
0x0FE1       [2]    FSR1
0x0FE1       [2]    FSR1PTR
0x0FE1       [1]    FSR1L
0x0FE2       [1]    FSR1H
0x0FE3       [1]    PLUSW1
0x0FE4       [1]    PREINC1
0x0FE5       [1]    POSTDEC1
0x0FE6       [1]    POSTINC1
0x0FE7       [1]    INDF1
0x0FE8       [1]    WREG
0x0FE9       [2]    FSR0
0x0FE9       [2]    FSR0PTR
0x0FE9       [1]    FSR0L
0x0FEA       [1]    FSR0H
0x0FEB       [1]    PLUSW0
0x0FEC       [1]    PREINC0
0x0FED       [1]    POSTDEC0
0x0FEE       [1]    POSTINC0
0x0FEF       [1]    INDF0
0x0FF0       [0]    INT2IF_bit
0x0FF0       [0]    INT1IF_bit
0x0FF0       [0]    INT2P_bit
0x0FF0       [0]    INT1IE_bit
0x0FF0       [0]    INT1IP_bit
0x0FF0       [0]    INT2IP_bit
0x0FF0       [0]    INT2IE_bit
0x0FF0       [0]    INT2F_bit
0x0FF0       [0]    INT1F_bit
0x0FF0       [1]    INTCON3
0x0FF0       [0]    INT1P_bit
0x0FF0       [0]    INT2E_bit
0x0FF0       [0]    INT1E_bit
0x0FF1       [0]    TMR0IP_bit
0x0FF1       [0]    INTEDG2_bit
0x0FF1       [1]    INTCON2
0x0FF1       [0]    RBIP_bit
0x0FF1       [0]    RBPU_bit
0x0FF1       [0]    NOT_RBPU_bit
0x0FF1       [0]    INTEDG1_bit
0x0FF1       [0]    INTEDG0_bit
0x0FF2       [0]    INT0IE_bit
0x0FF2       [0]    T0IF_bit
0x0FF2       [0]    INT0IF_bit
0x0FF2       [0]    T0IE_bit
0x0FF2       [1]    INTCON
0x0FF2       [0]    GIEH_bit
0x0FF2       [0]    GIEL_bit
0x0FF2       [0]    GIE_bit
0x0FF2       [0]    TMR0IF_bit
0x0FF2       [0]    INT0F_bit
0x0FF2       [0]    RBIF_bit
0x0FF2       [0]    RBIE_bit
0x0FF2       [0]    PEIE_bit
0x0FF2       [0]    TMR0IE_bit
0x0FF2       [0]    INT0E_bit
0x0FF3       [1]    PRODL
0x0FF3       [1]    PROD
0x0FF4       [1]    PRODH
0x0FF5       [1]    TABLAT
0x0FF6       [1]    TBLPTRL
0x0FF6       [1]    TBLPTR
0x0FF7       [1]    TBLPTRH
0x0FF8       [1]    TBLPTRU
0x0FF8       [0]    TBLPTRU3_bit
0x0FF8       [0]    TBLPTRU4_bit
0x0FF8       [0]    ACSS_bit
0x0FF8       [0]    TBLPTRU0_bit
0x0FF8       [0]    TBLPTRU1_bit
0x0FF8       [0]    TBLPTRU2_bit
0x0FF9       [1]    PC
0x0FF9       [1]    PCL
0x0FFA       [1]    PCLATH
0x0FFB       [0]    PCU2_bit
0x0FFB       [0]    PCU3_bit
0x0FFB       [0]    PCU4_bit
0x0FFB       [1]    PCLATU
0x0FFB       [0]    PCU1_bit
0x0FFB       [0]    PCU0_bit
0x0FFC       [0]    SP3_bit
0x0FFC       [0]    STKUNF_bit
0x0FFC       [0]    SP4_bit
0x0FFC       [0]    SP0_bit
0x0FFC       [0]    SP1_bit
0x0FFC       [0]    SP2_bit
0x0FFC       [0]    STKFUL_bit
0x0FFC       [1]    STKPTR
0x0FFC       [0]    STKOVF_bit
0x0FFD       [1]    TOS
0x0FFD       [1]    TOSL
0x0FFE       [1]    TOSH
0x0FFF       [1]    TOSU
//** Label List: ** 
//----------------------------------------------
  L_interrupt0
  L_interrupt1
  L_interrupt2
  L_interrupt3
  L_interrupt4
  L_interrupt5
  L_interrupt6
  L_interrupt7
  L_interrupt8
  L_interrupt9
  L_main10
  L_main11
  L_main12
  L_main13
  L_main14
  L_main15
  _Display
  _interrupt
  L__interrupt16
  L__interrupt17
  L__interrupt18
  L__interrupt19
  L__interrupt20
  L__interrupt21
  L__interrupt22
  L__interrupt23
  L__interrupt24
  L__interrupt25
  _main
  L__main26
  _CC2D_Loop1
  _CC2DL_Loop1
  L_longjmp2
  ___CC2D
  ___CC2DW
  _____DoIFC
  _setjmp
  _longjmp
  L_interrupt0
  L_interrupt1
  L_interrupt2
  L_interrupt3
  L_interrupt4
  L_interrupt5
  L_interrupt6
  L_interrupt7
  L_interrupt8
  L_interrupt9
  L_main10
  L_main11
  L_main12
  L_main13
  L_main14
  L_main15
  _Display
  _interrupt
  L__interrupt16
  L__interrupt17
  L__interrupt18
  L__interrupt19
  L__interrupt20
  L__interrupt21
  L__interrupt22
  L__interrupt23
  L__interrupt24
  L__interrupt25
  _main
  L__main26
  LOOPS3232A
  SADD22LA
  SOK22LA
  SADD22L8
  SOK22L8
  LOOPS3232B
  SADD22LB
  SOK22LB
  SADD22L16
  SOK22L16
  LOOPS3232C
  SADD22LC
  SOK22LC
  SADD22L24
  SOK22L24
  LOOPS3232D
  SADD22LD
  SOK22LD
  SOK22L
  FXD3232S
  END_ALL
  CA3232S
  C3232SX
  C3232SX1
  C3232S
  C3232S2
  C3232SX4
  C3232SOK
  C3232SX3
  C3232SX2
  avoid_comfrem
  LOOPU3232A
  UADD22LA
  UOK22LA
  UADD22L8
  UOK22L8
  LOOPU3232B
  UADD22LB
  UOK22LB
  UADD22L16
  UOK22L16
  LOOPU3232C
  UADD22LC
  UOK22LC
  UADD22L24
  UOK22L24
  LOOPU3232D
  UADD22LD
  UOK22LD
  UOK22L
  _NEXT
  _EXIT2
  _LOOP
  _EXIT1
  _IF_FIRST
  _IF_SECOND
  _INVERCE_FIRST
  _MULT
  _INBERSE_SECOND
  _EXIT
  _Div_8x8_U
  _Div_16x16_U
  _Div_16x16_S_L
  _Div_16x16_S
  _Div_8x8_S
  _Mul_8x8_S
  _Mul_16x16_U
  _Mul_16x16_S
  _SDIV3232L
  _COMFREM
  _Div_32x32_S
  _Div_32x32_U
  _Mul_32x32_U
  _Mul_32x32_S
